<?xml version="1.0" encoding="UTF-8"?>
<!-- Generated by org.testng.reporters.JUnitXMLReporter -->
<testsuite ignored="2" hostname="7568mdsalman" failures="0" tests="4" name="Test_03" time="0.121" errors="0" timestamp="2024-09-19T11:31:31 IST">
  <testcase classname="Com.Crm.generic.BaseUtility.BaseUtility" name="@BeforeClass LauanchBrowser" time="-1.72672569162E9">
    <failure type="org.testng.TestNGException" message="
Parameter &amp;apos;BROWSER&amp;apos; is required by BeforeClass on method LauanchBrowser but has not been marked @Optional or defined
in C:\Users\91797\eclipse-workspace\ComcastCRMGUIFramwork\Crossbrowsertestng.xml">
      <![CDATA[org.testng.TestNGException: 
Parameter 'BROWSER' is required by BeforeClass on method LauanchBrowser but has not been marked @Optional or defined
in C:\Users\91797\eclipse-workspace\ComcastCRMGUIFramwork\Crossbrowsertestng.xml
at java.base/java.util.ArrayList.forEach(ArrayList.java:1511)
at java.base/java.util.concurrent.FutureTask.run(FutureTask.java:264)
at java.base/java.util.concurrent.ThreadPoolExecutor.runWorker(ThreadPoolExecutor.java:1136)
at java.base/java.util.concurrent.ThreadPoolExecutor$Worker.run(ThreadPoolExecutor.java:635)
at java.base/java.lang.Thread.run(Thread.java:833)
... Removed 13 stack frames]]>
    </failure>
  </testcase> <!-- @BeforeClass LauanchBrowser -->
  <testcase classname="Com.Crm.generic.BaseUtility.BaseUtility" name="@BeforeMethod Login" time="-1.726725691642E9">
    <skipped/>
  </testcase> <!-- @BeforeMethod Login -->
  <testcase classname="Com.Crm.generic.BaseUtility.BaseUtility" name="@AfterMethod LogOutPage" time="-1.726725691656E9">
    <skipped/>
  </testcase> <!-- @AfterMethod LogOutPage -->
  <testcase classname="Com.Crm.generic.BaseUtility.BaseUtility" name="@BeforeMethod Login" time="-1.726725691661E9">
    <skipped/>
  </testcase> <!-- @BeforeMethod Login -->
  <testcase classname="Com.Crm.generic.BaseUtility.BaseUtility" name="@AfterMethod LogOutPage" time="-1.726725691667E9">
    <skipped/>
  </testcase> <!-- @AfterMethod LogOutPage -->
  <testcase classname="Com.Crm.generic.BaseUtility.BaseUtility" name="@BeforeMethod Login" time="-1.72672569167E9">
    <skipped/>
  </testcase> <!-- @BeforeMethod Login -->
  <testcase classname="Com.Crm.generic.BaseUtility.BaseUtility" name="@AfterMethod LogOutPage" time="-1.726725691673E9">
    <skipped/>
  </testcase> <!-- @AfterMethod LogOutPage -->
  <testcase classname="Com.Crm.generic.BaseUtility.BaseUtility" name="@AfterClass CloseBrowser" time="-1.726725691675E9">
    <skipped/>
  </testcase> <!-- @AfterClass CloseBrowser -->
  <testcase classname="Com.Crm.generic.BaseUtility.BaseUtility" name="@BeforeClass LauanchBrowser" time="-1.726725691677E9">
    <failure type="org.testng.TestNGException" message="
Parameter &amp;apos;BROWSER&amp;apos; is required by BeforeClass on method LauanchBrowser but has not been marked @Optional or defined
in C:\Users\91797\eclipse-workspace\ComcastCRMGUIFramwork\Crossbrowsertestng.xml">
      <![CDATA[org.testng.TestNGException: 
Parameter 'BROWSER' is required by BeforeClass on method LauanchBrowser but has not been marked @Optional or defined
in C:\Users\91797\eclipse-workspace\ComcastCRMGUIFramwork\Crossbrowsertestng.xml
at java.base/java.util.ArrayList.forEach(ArrayList.java:1511)
at java.base/java.util.concurrent.FutureTask.run(FutureTask.java:264)
at java.base/java.util.concurrent.ThreadPoolExecutor.runWorker(ThreadPoolExecutor.java:1136)
at java.base/java.util.concurrent.ThreadPoolExecutor$Worker.run(ThreadPoolExecutor.java:635)
at java.base/java.lang.Thread.run(Thread.java:833)
... Removed 13 stack frames]]>
    </failure>
  </testcase> <!-- @BeforeClass LauanchBrowser -->
  <testcase classname="Com.Crm.generic.BaseUtility.BaseUtility" name="@BeforeMethod Login" time="-1.72672569169E9">
    <skipped/>
  </testcase> <!-- @BeforeMethod Login -->
  <testcase classname="Com.Crm.generic.BaseUtility.BaseUtility" name="@AfterMethod LogOutPage" time="-1.726725691707E9">
    <skipped/>
  </testcase> <!-- @AfterMethod LogOutPage -->
  <testcase classname="Com.Crm.generic.BaseUtility.BaseUtility" name="@AfterClass CloseBrowser" time="-1.726725691709E9">
    <skipped/>
  </testcase> <!-- @AfterClass CloseBrowser -->
  <testcase classname="Com.Comcast.Crm.OrgTest.OrgTest" name="CreateORGwithIndustriesTypeTest" time="0.0">
    <skipped/>
  </testcase> <!-- CreateORGwithIndustriesTypeTest -->
  <testcase classname="Com.Comcast.Crm.OrgTest.OrgTest" name="CreateOrg_Test" time="0.0">
    <skipped/>
  </testcase> <!-- CreateOrg_Test -->
  <testcase classname="Com.Comcast.Crm.OrgTest.OrgTest" name="CreateOrgandPhoneNumberTest" time="0.0">
    <skipped/>
  </testcase> <!-- CreateOrgandPhoneNumberTest -->
  <testcase classname="Com.Comcast.Crm.ContactTest.CreateContactwithOrg" name="CreateContactwithOrgTest" time="0.0">
    <skipped/>
  </testcase> <!-- CreateContactwithOrgTest -->
  <testcase classname="Com.Crm.generic.BaseUtility.BaseUtility" name="@AfterSuite CloseDataBaseConnection" time="0.0">
    <ignored/>
  </testcase> <!-- @AfterSuite CloseDataBaseConnection -->
  <testcase classname="Com.Crm.generic.BaseUtility.BaseUtility" name="@BeforeSuite DataBaseConnection" time="0.0">
    <ignored/>
  </testcase> <!-- @BeforeSuite DataBaseConnection -->
</testsuite> <!-- Test_03 -->
