<?xml version="1.0" encoding="UTF-8"?>
<!-- Generated by org.testng.reporters.JUnitXMLReporter -->
<testsuite ignored="0" hostname="7568mdsalman" failures="1" tests="1" name="Test" time="24.025" errors="0" timestamp="2024-09-24T18:20:48 IST">
  <testcase classname="Com.Comcast.Crm.CampaignsTest.CampaignTest" name="createCampaignTest" time="6.831">
    <failure type="java.lang.AssertionError" message="null">
      <![CDATA[java.lang.AssertionError: null
at Com.Comcast.Crm.CampaignsTest.CampaignTest.createCampaignTest(CampaignTest.java:29)
at java.base/java.util.ArrayList.forEach(ArrayList.java:1511)
... Removed 29 stack frames]]>
    </failure>
  </testcase> <!-- createCampaignTest -->
</testsuite> <!-- Test -->
