<!DOCTYPE html>

<html>
  <head>
  <meta charset='utf-8'>
  <title>TestNG reports</title>

    <link type="text/css" href="testng-reports1.css" rel="stylesheet" id="ultra" />
    <link type="text/css" href="testng-reports.css" rel="stylesheet" id="retro" disabled="false"/>
    <script type="text/javascript" src="jquery-3.6.0.min.js"></script>
    <script type="text/javascript" src="testng-reports.js"></script>
    <script type="text/javascript" src="https://www.google.com/jsapi"></script>
    <script type='text/javascript'>
      google.load('visualization', '1', {packages:['table']});
      google.setOnLoadCallback(drawTable);
      var suiteTableInitFunctions = new Array();
      var suiteTableData = new Array();
    </script>
    <!--
      <script type="text/javascript" src="jquery-ui/js/jquery-ui-1.8.16.custom.min.js"></script>
     -->
  </head>

  <body>    <div class="top-banner-root">
      <span class="top-banner-title-font">Test results</span>
      <button id="button" class="button">Switch Retro Theme</button> <!-- button -->
      <br/>
      <span class="top-banner-font-1">1 suite, 8 failed tests</span>
    </div> <!-- top-banner-root -->
    <div class="navigator-root">
      <div class="navigator-suite-header">
        <span>All suites</span>
        <a href="#" title="Collapse/expand all the suites" class="collapse-all-link">
          <img src="collapseall.gif" class="collapse-all-icon">
          </img> <!-- collapse-all-icon -->
        </a> <!-- collapse-all-link -->
      </div> <!-- navigator-suite-header -->
      <div class="suite">
        <div class="rounded-window">
          <div class="suite-header light-rounded-window-top">
            <a href="#" panel-name="suite-Surefire_suite" class="navigator-link">
              <span class="suite-name border-failed">Surefire suite</span>
            </a> <!-- navigator-link -->
          </div> <!-- suite-header light-rounded-window-top -->
          <div class="navigator-suite-content">
            <div class="suite-section-title">
              <span>Info</span>
            </div> <!-- suite-section-title -->
            <div class="suite-section-content">
              <ul>
                <li>
                  <a href="#" panel-name="test-xml-Surefire_suite" class="navigator-link ">
                    <span>[unset file name]</span>
                  </a> <!-- navigator-link  -->
                </li>
                <li>
                  <a href="#" panel-name="testlist-Surefire_suite" class="navigator-link ">
                    <span class="test-stats">1 test</span>
                  </a> <!-- navigator-link  -->
                </li>
                <li>
                  <a href="#" panel-name="group-Surefire_suite" class="navigator-link ">
                    <span>0 groups</span>
                  </a> <!-- navigator-link  -->
                </li>
                <li>
                  <a href="#" panel-name="times-Surefire_suite" class="navigator-link ">
                    <span>Times</span>
                  </a> <!-- navigator-link  -->
                </li>
                <li>
                  <a href="#" panel-name="reporter-Surefire_suite" class="navigator-link ">
                    <span>Reporter output</span>
                  </a> <!-- navigator-link  -->
                </li>
                <li>
                  <a href="#" panel-name="ignored-methods-Surefire_suite" class="navigator-link ">
                    <span>Ignored methods</span>
                  </a> <!-- navigator-link  -->
                </li>
                <li>
                  <a href="#" panel-name="chronological-Surefire_suite" class="navigator-link ">
                    <span>Chronological view</span>
                  </a> <!-- navigator-link  -->
                </li>
              </ul>
            </div> <!-- suite-section-content -->
            <div class="result-section">
              <div class="suite-section-title">
                <span>Results</span>
              </div> <!-- suite-section-title -->
              <div class="suite-section-content">
                <ul>
                  <li>
                    <span class="method-stats">22 methods, 8 failed,  3 skipped,  11 passed</span>
                  </li>
                  <li>
                    <span class="method-list-title failed">Failed methods</span>
                    <span class="show-or-hide-methods failed">
                      <a href="#" panel-name="suite-Surefire_suite" class="hide-methods failed suite-Surefire_suite"> (hide)</a> <!-- hide-methods failed suite-Surefire_suite -->
                      <a href="#" panel-name="suite-Surefire_suite" class="show-methods failed suite-Surefire_suite"> (show)</a> <!-- show-methods failed suite-Surefire_suite -->
                    </span>
                    <div class="method-list-content failed suite-Surefire_suite">
                      <span>
                        <img src="failed.png" width="3%"/>
                        <a href="#" panel-name="suite-Surefire_suite" title="Com.Comcast.Crm.LeadTest.CreateLeadTest" class="method navigator-link" hash-for-method="CreateLead_Test">CreateLead_Test</a> <!-- method navigator-link -->
                      </span>
                      <br/>
                      <span>
                        <img src="failed.png" width="3%"/>
                        <a href="#" panel-name="suite-Surefire_suite" title="Com.Comcast.Crm.CampaignsTest.CreateOpportunitieTest" class="method navigator-link" hash-for-method="CreateOpportTest">CreateOpportTest</a> <!-- method navigator-link -->
                      </span>
                      <br/>
                      <span>
                        <img src="failed.png" width="3%"/>
                        <a href="#" panel-name="suite-Surefire_suite" title="Com.Comcast.Crm.OrgTest.OrgTest" class="method navigator-link" hash-for-method="CreateOrg_Test">CreateOrg_Test</a> <!-- method navigator-link -->
                      </span>
                      <br/>
                      <span>
                        <img src="failed.png" width="3%"/>
                        <a href="#" panel-name="suite-Surefire_suite" title="Com.Comcast.Crm.OrgTest.CreateOrgTest" class="method navigator-link" hash-for-method="CreateOrg_Test">CreateOrg_Test</a> <!-- method navigator-link -->
                      </span>
                      <br/>
                      <span>
                        <img src="failed.png" width="3%"/>
                        <a href="#" panel-name="suite-Surefire_suite" title="Com.Comcast.Crm.TroubleTickeTest.CreateTroubleTicketwithCONTACTTest" class="method navigator-link" hash-for-method="CreateTroubleTicketCONTACTTest">CreateTroubleTicketCONTACTTest</a> <!-- method navigator-link -->
                      </span>
                      <br/>
                      <span>
                        <img src="failed.png" width="3%"/>
                        <a href="#" panel-name="suite-Surefire_suite" title="Com.Comcast.Crm.TroubleTickeTest.CreateTroubleTicketwithUserTest" class="method navigator-link" hash-for-method="CreateTroubleTicketUserTest">CreateTroubleTicketUserTest</a> <!-- method navigator-link -->
                      </span>
                      <br/>
                      <span>
                        <img src="failed.png" width="3%"/>
                        <a href="#" panel-name="suite-Surefire_suite" title="Com.Comcast.Crm.TroubleTickeTest.CreateTroubleTicketwithGroupTest" class="method navigator-link" hash-for-method="CreateTroubleTicketwGroupTest">CreateTroubleTicketwGroupTest</a> <!-- method navigator-link -->
                      </span>
                      <br/>
                      <span>
                        <img src="failed.png" width="3%"/>
                        <a href="#" panel-name="suite-Surefire_suite" title="Com.Comcast.Crm.CampaignsTest.CampaignTest" class="method navigator-link" hash-for-method="createCampaignTest">createCampaignTest</a> <!-- method navigator-link -->
                      </span>
                      <br/>
                    </div> <!-- method-list-content failed suite-Surefire_suite -->
                  </li>
                  <li>
                    <span class="method-list-title skipped">Skipped methods</span>
                    <span class="show-or-hide-methods skipped">
                      <a href="#" panel-name="suite-Surefire_suite" class="hide-methods skipped suite-Surefire_suite"> (hide)</a> <!-- hide-methods skipped suite-Surefire_suite -->
                      <a href="#" panel-name="suite-Surefire_suite" class="show-methods skipped suite-Surefire_suite"> (show)</a> <!-- show-methods skipped suite-Surefire_suite -->
                    </span>
                    <div class="method-list-content skipped suite-Surefire_suite">
                      <span>
                        <img src="skipped.png" width="3%"/>
                        <a href="#" panel-name="suite-Surefire_suite" title="Com.Comcast.Crm.LeadTest.CreateLeadTest" class="method navigator-link" hash-for-method="CreateLead_Test">CreateLead_Test</a> <!-- method navigator-link -->
                      </span>
                      <br/>
                      <span>
                        <img src="skipped.png" width="3%"/>
                        <a href="#" panel-name="suite-Surefire_suite" title="Com.Comcast.Crm.LeadTest.CreateLeadTest" class="method navigator-link" hash-for-method="CreateLead_Test">CreateLead_Test</a> <!-- method navigator-link -->
                      </span>
                      <br/>
                      <span>
                        <img src="skipped.png" width="3%"/>
                        <a href="#" panel-name="suite-Surefire_suite" title="Com.Comcast.Crm.LeadTest.CreateLeadTest" class="method navigator-link" hash-for-method="CreateLead_Test">CreateLead_Test</a> <!-- method navigator-link -->
                      </span>
                      <br/>
                    </div> <!-- method-list-content skipped suite-Surefire_suite -->
                  </li>
                  <li>
                    <span class="method-list-title passed">Passed methods</span>
                    <span class="show-or-hide-methods passed">
                      <a href="#" panel-name="suite-Surefire_suite" class="hide-methods passed suite-Surefire_suite"> (hide)</a> <!-- hide-methods passed suite-Surefire_suite -->
                      <a href="#" panel-name="suite-Surefire_suite" class="show-methods passed suite-Surefire_suite"> (show)</a> <!-- show-methods passed suite-Surefire_suite -->
                    </span>
                    <div class="method-list-content passed suite-Surefire_suite">
                      <span>
                        <img src="passed.png" width="3%"/>
                        <a href="#" panel-name="suite-Surefire_suite" title="Com.Comcast.Crm.CampaignsTest.CreateCampaignsTest" class="method navigator-link" hash-for-method="CreateCampaignTest">CreateCampaignTest</a> <!-- method navigator-link -->
                      </span>
                      <br/>
                      <span>
                        <img src="passed.png" width="3%"/>
                        <a href="#" panel-name="suite-Surefire_suite" title="Com.Comcast.Crm.ContactTest.ContactTest" class="method navigator-link" hash-for-method="CreateContactSupportDateTest">CreateContactSupportDateTest</a> <!-- method navigator-link -->
                      </span>
                      <br/>
                      <span>
                        <img src="passed.png" width="3%"/>
                        <a href="#" panel-name="suite-Surefire_suite" title="Com.Comcast.Crm.ContactTest.CreateContactwithSupportDateTest" class="method navigator-link" hash-for-method="CreateContactSupportDateTest">CreateContactSupportDateTest</a> <!-- method navigator-link -->
                      </span>
                      <br/>
                      <span>
                        <img src="passed.png" width="3%"/>
                        <a href="#" panel-name="suite-Surefire_suite" title="Com.Comcast.Crm.ContactTest.ContactTest" class="method navigator-link" hash-for-method="CreateContactwithOrgTest">CreateContactwithOrgTest</a> <!-- method navigator-link -->
                      </span>
                      <br/>
                      <span>
                        <img src="passed.png" width="3%"/>
                        <a href="#" panel-name="suite-Surefire_suite" title="Com.Comcast.Crm.OrgTest.CreateORGwithIndustries_typeTest" class="method navigator-link" hash-for-method="CreateORGIndustriesAndTypeTest">CreateORGIndustriesAndTypeTest</a> <!-- method navigator-link -->
                      </span>
                      <br/>
                      <span>
                        <img src="passed.png" width="3%"/>
                        <a href="#" panel-name="suite-Surefire_suite" title="Com.Comcast.Crm.OrgTest.OrgTest" class="method navigator-link" hash-for-method="CreateORGwithIndustriesTypeTest">CreateORGwithIndustriesTypeTest</a> <!-- method navigator-link -->
                      </span>
                      <br/>
                      <span>
                        <img src="passed.png" width="3%"/>
                        <a href="#" panel-name="suite-Surefire_suite" title="Com.Comcast.Crm.OrgTest.OrgTest" class="method navigator-link" hash-for-method="CreateOrgandPhoneNumberTest">CreateOrgandPhoneNumberTest</a> <!-- method navigator-link -->
                      </span>
                      <br/>
                      <span>
                        <img src="passed.png" width="3%"/>
                        <a href="#" panel-name="suite-Surefire_suite" title="Com.Comcast.Crm.OrgTest.CreateOrg_withPhoneNumbwerTest" class="method navigator-link" hash-for-method="CreateOrgandPhoneNumberTest">CreateOrgandPhoneNumberTest</a> <!-- method navigator-link -->
                      </span>
                      <br/>
                      <span>
                        <img src="passed.png" width="3%"/>
                        <a href="#" panel-name="suite-Surefire_suite" title="Com.Comcast.Crm.ContactTest.CreateContactTest" class="method navigator-link" hash-for-method="createContactTest">createContactTest</a> <!-- method navigator-link -->
                      </span>
                      <br/>
                      <span>
                        <img src="passed.png" width="3%"/>
                        <a href="#" panel-name="suite-Surefire_suite" title="Com.Comcast.Crm.ContactTest.ContactTest" class="method navigator-link" hash-for-method="createContactTest">createContactTest</a> <!-- method navigator-link -->
                      </span>
                      <br/>
                      <span>
                        <img src="passed.png" width="3%"/>
                        <a href="#" panel-name="suite-Surefire_suite" title="Comcast.Crm.ProductTest.ProductTest" class="method navigator-link" hash-for-method="createProductTest">createProductTest</a> <!-- method navigator-link -->
                      </span>
                      <br/>
                    </div> <!-- method-list-content passed suite-Surefire_suite -->
                  </li>
                </ul>
              </div> <!-- suite-section-content -->
            </div> <!-- result-section -->
          </div> <!-- navigator-suite-content -->
        </div> <!-- rounded-window -->
      </div> <!-- suite -->
    </div> <!-- navigator-root -->
    <div class="wrapper">
      <div class="main-panel-root">
        <div panel-name="suite-Surefire_suite" class="panel Surefire_suite">
          <div class="suite-Surefire_suite-class-failed">
            <div class="main-panel-header rounded-window-top">
              <img src="failed.png"/>
              <span class="class-name">Com.Comcast.Crm.TroubleTickeTest.CreateTroubleTicketwithCONTACTTest</span>
            </div> <!-- main-panel-header rounded-window-top -->
            <div class="main-panel-content rounded-window-bottom">
              <div class="method">
                <div class="method-content">
                  <a name="CreateTroubleTicketCONTACTTest">
                  </a> <!-- CreateTroubleTicketCONTACTTest -->
                  <span class="method-name">CreateTroubleTicketCONTACTTest</span>
                  <div class="stack-trace">org.openqa.selenium.NoSuchElementException: no such element: Unable to locate element: {&quot;method&quot;:&quot;css selector&quot;,&quot;selector&quot;:&quot;#search_txt&quot;}
  (Session info: MicrosoftEdge=129.0.2792.65)
For documentation on this error, please visit: https://www.selenium.dev/documentation/webdriver/troubleshooting/errors#no-such-element-exception
Build info: version: &apos;4.18.1&apos;, revision: &apos;b1d3319b48&apos;
System info: os.name: &apos;Windows 11&apos;, os.arch: &apos;amd64&apos;, os.version: &apos;10.0&apos;, java.version: &apos;21.0.4&apos;
Driver info: org.openqa.selenium.edge.EdgeDriver
Command: [9c0a9034729317f607d2b8cd09be214b, findElement {value=search_txt, using=id}]
Capabilities {acceptInsecureCerts: false, browserName: MicrosoftEdge, browserVersion: 129.0.2792.65, fedcm:accounts: true, ms:edgeOptions: {debuggerAddress: localhost:58241}, msedge: {msedgedriverVersion: 129.0.2792.52 (6462e8fc16ec..., userDataDir: C:\Users\91797\AppData\Loca...}, networkConnectionEnabled: false, pageLoadStrategy: normal, platformName: windows, proxy: Proxy(), se:cdp: ws://localhost:58241/devtoo..., se:cdpVersion: 129.0.2792.65, setWindowRect: true, strictFileInteractability: false, timeouts: {implicit: 0, pageLoad: 300000, script: 30000}, unhandledPromptBehavior: dismiss and notify, webauthn:extension:credBlob: true, webauthn:extension:largeBlob: true, webauthn:extension:minPinLength: true, webauthn:extension:prf: true, webauthn:virtualAuthenticators: true}
Session ID: 9c0a9034729317f607d2b8cd09be214b
	at org.openqa.selenium.remote.ErrorCodec.decode(ErrorCodec.java:167)
	at org.openqa.selenium.remote.codec.w3c.W3CHttpResponseCodec.decode(W3CHttpResponseCodec.java:138)
	at org.openqa.selenium.remote.codec.w3c.W3CHttpResponseCodec.decode(W3CHttpResponseCodec.java:50)
	at org.openqa.selenium.remote.HttpCommandExecutor.execute(HttpCommandExecutor.java:190)
	at org.openqa.selenium.remote.service.DriverCommandExecutor.invokeExecute(DriverCommandExecutor.java:216)
	at org.openqa.selenium.remote.service.DriverCommandExecutor.execute(DriverCommandExecutor.java:174)
	at org.openqa.selenium.remote.RemoteWebDriver.execute(RemoteWebDriver.java:519)
	at org.openqa.selenium.remote.ElementLocation$ElementFinder$2.findElement(ElementLocation.java:165)
	at org.openqa.selenium.remote.ElementLocation.findElement(ElementLocation.java:59)
	at org.openqa.selenium.remote.RemoteWebDriver.findElement(RemoteWebDriver.java:356)
	at org.openqa.selenium.remote.RemoteWebDriver.findElement(RemoteWebDriver.java:350)
	at org.openqa.selenium.support.pagefactory.DefaultElementLocator.findElement(DefaultElementLocator.java:68)
	at org.openqa.selenium.support.pagefactory.internal.LocatingElementHandler.invoke(LocatingElementHandler.java:38)
	at jdk.proxy2/jdk.proxy2.$Proxy13.sendKeys(Unknown Source)
	at Comcast.Crm.ObjRepo.Trouble_Ticket.createNewtroubleTicketPage.addcontactDetail(createNewtroubleTicketPage.java:94)
	at Com.Comcast.Crm.TroubleTickeTest.CreateTroubleTicketwithCONTACTTest.CreateTroubleTicketCONTACTTest(CreateTroubleTicketwithCONTACTTest.java:28)
	at java.base/java.util.ArrayList.forEach(ArrayList.java:1596)
... Removed 33 stack frames
</div> <!-- stack-trace -->
                </div> <!-- method-content -->
              </div> <!-- method -->
            </div> <!-- main-panel-content rounded-window-bottom -->
          </div> <!-- suite-Surefire_suite-class-failed -->
          <div class="suite-Surefire_suite-class-failed">
            <div class="main-panel-header rounded-window-top">
              <img src="failed.png"/>
              <span class="class-name">Com.Comcast.Crm.TroubleTickeTest.CreateTroubleTicketwithGroupTest</span>
            </div> <!-- main-panel-header rounded-window-top -->
            <div class="main-panel-content rounded-window-bottom">
              <div class="method">
                <div class="method-content">
                  <a name="CreateTroubleTicketwGroupTest">
                  </a> <!-- CreateTroubleTicketwGroupTest -->
                  <span class="method-name">CreateTroubleTicketwGroupTest</span>
                  <div class="stack-trace">org.openqa.selenium.TimeoutException: Expected condition failed: waiting for visibility of Proxy element for: DefaultElementLocator &apos;By.xpath: //span[@class=&apos;dvHeaderText&apos;]&apos; (tried for 32 second(s) with 500 milliseconds interval)
	at org.openqa.selenium.support.ui.WebDriverWait.timeoutException(WebDriverWait.java:84)
	at org.openqa.selenium.support.ui.FluentWait.until(FluentWait.java:228)
	at Comcast.Crm.Generic.WebdriverUtility.WebDriverUtility.waitForElementPresent(WebDriverUtility.java:41)
	at Com.Comcast.Crm.TroubleTickeTest.CreateTroubleTicketwithGroupTest.CreateTroubleTicketwGroupTest(CreateTroubleTicketwithGroupTest.java:35)
	at java.base/java.util.ArrayList.forEach(ArrayList.java:1596)
Caused by: org.openqa.selenium.NoSuchElementException: no such element: Unable to locate element: {&quot;method&quot;:&quot;xpath&quot;,&quot;selector&quot;:&quot;//span[@class=&apos;dvHeaderText&apos;]&quot;}
  (Session info: MicrosoftEdge=129.0.2792.65)
For documentation on this error, please visit: https://www.selenium.dev/documentation/webdriver/troubleshooting/errors#no-such-element-exception
Build info: version: &apos;4.18.1&apos;, revision: &apos;b1d3319b48&apos;
System info: os.name: &apos;Windows 11&apos;, os.arch: &apos;amd64&apos;, os.version: &apos;10.0&apos;, java.version: &apos;21.0.4&apos;
Driver info: org.openqa.selenium.edge.EdgeDriver
Command: [a519ea31cea096a83085c92138f2c68d, findElement {value=//span[@class=&apos;dvHeaderText&apos;], using=xpath}]
Capabilities {acceptInsecureCerts: false, browserName: MicrosoftEdge, browserVersion: 129.0.2792.65, fedcm:accounts: true, ms:edgeOptions: {debuggerAddress: localhost:58323}, msedge: {msedgedriverVersion: 129.0.2792.52 (6462e8fc16ec..., userDataDir: C:\Users\91797\AppData\Loca...}, networkConnectionEnabled: false, pageLoadStrategy: normal, platformName: windows, proxy: Proxy(), se:cdp: ws://localhost:58323/devtoo..., se:cdpVersion: 129.0.2792.65, setWindowRect: true, strictFileInteractability: false, timeouts: {implicit: 0, pageLoad: 300000, script: 30000}, unhandledPromptBehavior: dismiss and notify, webauthn:extension:credBlob: true, webauthn:extension:largeBlob: true, webauthn:extension:minPinLength: true, webauthn:extension:prf: true, webauthn:virtualAuthenticators: true}
Session ID: a519ea31cea096a83085c92138f2c68d
	at org.openqa.selenium.remote.ErrorCodec.decode(ErrorCodec.java:167)
	at org.openqa.selenium.remote.codec.w3c.W3CHttpResponseCodec.decode(W3CHttpResponseCodec.java:138)
	at org.openqa.selenium.remote.codec.w3c.W3CHttpResponseCodec.decode(W3CHttpResponseCodec.java:50)
	at org.openqa.selenium.remote.HttpCommandExecutor.execute(HttpCommandExecutor.java:190)
	at org.openqa.selenium.remote.service.DriverCommandExecutor.invokeExecute(DriverCommandExecutor.java:216)
	at org.openqa.selenium.remote.service.DriverCommandExecutor.execute(DriverCommandExecutor.java:174)
	at org.openqa.selenium.remote.RemoteWebDriver.execute(RemoteWebDriver.java:519)
	at org.openqa.selenium.remote.ElementLocation$ElementFinder$2.findElement(ElementLocation.java:165)
	at org.openqa.selenium.remote.ElementLocation.findElement(ElementLocation.java:59)
	at org.openqa.selenium.remote.RemoteWebDriver.findElement(RemoteWebDriver.java:356)
	at org.openqa.selenium.remote.RemoteWebDriver.findElement(RemoteWebDriver.java:350)
	at org.openqa.selenium.support.pagefactory.DefaultElementLocator.findElement(DefaultElementLocator.java:68)
	at org.openqa.selenium.support.pagefactory.internal.LocatingElementHandler.invoke(LocatingElementHandler.java:38)
	at jdk.proxy2/jdk.proxy2.$Proxy13.isDisplayed(Unknown Source)
	at org.openqa.selenium.support.ui.ExpectedConditions.elementIfVisible(ExpectedConditions.java:304)
	at org.openqa.selenium.support.ui.ExpectedConditions$10.apply(ExpectedConditions.java:290)
	at org.openqa.selenium.support.ui.ExpectedConditions$10.apply(ExpectedConditions.java:287)
	at org.openqa.selenium.support.ui.FluentWait.until(FluentWait.java:203)
	... 33 more
... Removed 33 stack frames
</div> <!-- stack-trace -->
                </div> <!-- method-content -->
              </div> <!-- method -->
            </div> <!-- main-panel-content rounded-window-bottom -->
          </div> <!-- suite-Surefire_suite-class-failed -->
          <div class="suite-Surefire_suite-class-failed">
            <div class="main-panel-header rounded-window-top">
              <img src="failed.png"/>
              <span class="class-name">Com.Comcast.Crm.OrgTest.OrgTest</span>
            </div> <!-- main-panel-header rounded-window-top -->
            <div class="main-panel-content rounded-window-bottom">
              <div class="method">
                <div class="method-content">
                  <a name="CreateOrg_Test">
                  </a> <!-- CreateOrg_Test -->
                  <span class="method-name">CreateOrg_Test</span>
                  <div class="stack-trace">org.openqa.selenium.UnhandledAlertException: unexpected alert open: {Alert text : Organization Name Already Exists!}
  (Session info: MicrosoftEdge=129.0.2792.65): Organization Name Already Exists!
Build info: version: &apos;4.18.1&apos;, revision: &apos;b1d3319b48&apos;
System info: os.name: &apos;Windows 11&apos;, os.arch: &apos;amd64&apos;, os.version: &apos;10.0&apos;, java.version: &apos;21.0.4&apos;
Driver info: org.openqa.selenium.edge.EdgeDriver
Command: [83a0710999827fd3a99aff2d76b0e40e, findElement {value=//span[@class=&apos;dvHeaderText&apos;], using=xpath}]
Capabilities {acceptInsecureCerts: false, browserName: MicrosoftEdge, browserVersion: 129.0.2792.65, fedcm:accounts: true, ms:edgeOptions: {debuggerAddress: localhost:58093}, msedge: {msedgedriverVersion: 129.0.2792.52 (6462e8fc16ec..., userDataDir: C:\Users\91797\AppData\Loca...}, networkConnectionEnabled: false, pageLoadStrategy: normal, platformName: windows, proxy: Proxy(), se:cdp: ws://localhost:58093/devtoo..., se:cdpVersion: 129.0.2792.65, setWindowRect: true, strictFileInteractability: false, timeouts: {implicit: 0, pageLoad: 300000, script: 30000}, unhandledPromptBehavior: dismiss and notify, webauthn:extension:credBlob: true, webauthn:extension:largeBlob: true, webauthn:extension:minPinLength: true, webauthn:extension:prf: true, webauthn:virtualAuthenticators: true}
Session ID: 83a0710999827fd3a99aff2d76b0e40e
	at org.openqa.selenium.remote.codec.w3c.W3CHttpResponseCodec.decode(W3CHttpResponseCodec.java:136)
	at org.openqa.selenium.remote.codec.w3c.W3CHttpResponseCodec.decode(W3CHttpResponseCodec.java:50)
	at org.openqa.selenium.remote.HttpCommandExecutor.execute(HttpCommandExecutor.java:190)
	at org.openqa.selenium.remote.service.DriverCommandExecutor.invokeExecute(DriverCommandExecutor.java:216)
	at org.openqa.selenium.remote.service.DriverCommandExecutor.execute(DriverCommandExecutor.java:174)
	at org.openqa.selenium.remote.RemoteWebDriver.execute(RemoteWebDriver.java:519)
	at org.openqa.selenium.remote.ElementLocation$ElementFinder$2.findElement(ElementLocation.java:165)
	at org.openqa.selenium.remote.ElementLocation.findElement(ElementLocation.java:59)
	at org.openqa.selenium.remote.RemoteWebDriver.findElement(RemoteWebDriver.java:356)
	at org.openqa.selenium.remote.RemoteWebDriver.findElement(RemoteWebDriver.java:350)
	at org.openqa.selenium.support.pagefactory.DefaultElementLocator.findElement(DefaultElementLocator.java:68)
	at org.openqa.selenium.support.pagefactory.internal.LocatingElementHandler.invoke(LocatingElementHandler.java:38)
	at jdk.proxy2/jdk.proxy2.$Proxy13.isDisplayed(Unknown Source)
	at org.openqa.selenium.support.ui.ExpectedConditions.elementIfVisible(ExpectedConditions.java:304)
	at org.openqa.selenium.support.ui.ExpectedConditions$10.apply(ExpectedConditions.java:290)
	at org.openqa.selenium.support.ui.ExpectedConditions$10.apply(ExpectedConditions.java:287)
	at org.openqa.selenium.support.ui.FluentWait.until(FluentWait.java:203)
	at Comcast.Crm.Generic.WebdriverUtility.WebDriverUtility.waitForElementPresent(WebDriverUtility.java:41)
	at Com.Comcast.Crm.OrgTest.OrgTest.CreateOrg_Test(OrgTest.java:33)
	at java.base/java.util.ArrayList.forEach(ArrayList.java:1596)
... Removed 30 stack frames
</div> <!-- stack-trace -->
                </div> <!-- method-content -->
              </div> <!-- method -->
            </div> <!-- main-panel-content rounded-window-bottom -->
          </div> <!-- suite-Surefire_suite-class-failed -->
          <div class="suite-Surefire_suite-class-failed">
            <div class="main-panel-header rounded-window-top">
              <img src="failed.png"/>
              <span class="class-name">Com.Comcast.Crm.OrgTest.CreateOrgTest</span>
            </div> <!-- main-panel-header rounded-window-top -->
            <div class="main-panel-content rounded-window-bottom">
              <div class="method">
                <div class="method-content">
                  <a name="CreateOrg_Test">
                  </a> <!-- CreateOrg_Test -->
                  <span class="method-name">CreateOrg_Test</span>
                  <div class="stack-trace">org.openqa.selenium.UnhandledAlertException: unexpected alert open: {Alert text : Organization Name Already Exists!}
  (Session info: MicrosoftEdge=129.0.2792.65): Organization Name Already Exists!
Build info: version: &apos;4.18.1&apos;, revision: &apos;b1d3319b48&apos;
System info: os.name: &apos;Windows 11&apos;, os.arch: &apos;amd64&apos;, os.version: &apos;10.0&apos;, java.version: &apos;21.0.4&apos;
Driver info: org.openqa.selenium.edge.EdgeDriver
Command: [d92e6deea4f1257634156ac621714dce, findElement {value=//span[@class=&apos;dvHeaderText&apos;], using=xpath}]
Capabilities {acceptInsecureCerts: false, browserName: MicrosoftEdge, browserVersion: 129.0.2792.65, fedcm:accounts: true, ms:edgeOptions: {debuggerAddress: localhost:57767}, msedge: {msedgedriverVersion: 129.0.2792.52 (6462e8fc16ec..., userDataDir: C:\Users\91797\AppData\Loca...}, networkConnectionEnabled: false, pageLoadStrategy: normal, platformName: windows, proxy: Proxy(), se:cdp: ws://localhost:57767/devtoo..., se:cdpVersion: 129.0.2792.65, setWindowRect: true, strictFileInteractability: false, timeouts: {implicit: 0, pageLoad: 300000, script: 30000}, unhandledPromptBehavior: dismiss and notify, webauthn:extension:credBlob: true, webauthn:extension:largeBlob: true, webauthn:extension:minPinLength: true, webauthn:extension:prf: true, webauthn:virtualAuthenticators: true}
Session ID: d92e6deea4f1257634156ac621714dce
	at org.openqa.selenium.remote.codec.w3c.W3CHttpResponseCodec.decode(W3CHttpResponseCodec.java:136)
	at org.openqa.selenium.remote.codec.w3c.W3CHttpResponseCodec.decode(W3CHttpResponseCodec.java:50)
	at org.openqa.selenium.remote.HttpCommandExecutor.execute(HttpCommandExecutor.java:190)
	at org.openqa.selenium.remote.service.DriverCommandExecutor.invokeExecute(DriverCommandExecutor.java:216)
	at org.openqa.selenium.remote.service.DriverCommandExecutor.execute(DriverCommandExecutor.java:174)
	at org.openqa.selenium.remote.RemoteWebDriver.execute(RemoteWebDriver.java:519)
	at org.openqa.selenium.remote.ElementLocation$ElementFinder$2.findElement(ElementLocation.java:165)
	at org.openqa.selenium.remote.ElementLocation.findElement(ElementLocation.java:59)
	at org.openqa.selenium.remote.RemoteWebDriver.findElement(RemoteWebDriver.java:356)
	at org.openqa.selenium.remote.RemoteWebDriver.findElement(RemoteWebDriver.java:350)
	at org.openqa.selenium.support.pagefactory.DefaultElementLocator.findElement(DefaultElementLocator.java:68)
	at org.openqa.selenium.support.pagefactory.internal.LocatingElementHandler.invoke(LocatingElementHandler.java:38)
	at jdk.proxy2/jdk.proxy2.$Proxy13.isDisplayed(Unknown Source)
	at org.openqa.selenium.support.ui.ExpectedConditions.elementIfVisible(ExpectedConditions.java:304)
	at org.openqa.selenium.support.ui.ExpectedConditions$10.apply(ExpectedConditions.java:290)
	at org.openqa.selenium.support.ui.ExpectedConditions$10.apply(ExpectedConditions.java:287)
	at org.openqa.selenium.support.ui.FluentWait.until(FluentWait.java:203)
	at Comcast.Crm.Generic.WebdriverUtility.WebDriverUtility.waitForElementPresent(WebDriverUtility.java:41)
	at Com.Comcast.Crm.OrgTest.CreateOrgTest.CreateOrg_Test(CreateOrgTest.java:31)
	at java.base/java.util.ArrayList.forEach(ArrayList.java:1596)
... Removed 30 stack frames
</div> <!-- stack-trace -->
                </div> <!-- method-content -->
              </div> <!-- method -->
            </div> <!-- main-panel-content rounded-window-bottom -->
          </div> <!-- suite-Surefire_suite-class-failed -->
          <div class="suite-Surefire_suite-class-failed">
            <div class="main-panel-header rounded-window-top">
              <img src="failed.png"/>
              <span class="class-name">Com.Comcast.Crm.TroubleTickeTest.CreateTroubleTicketwithUserTest</span>
            </div> <!-- main-panel-header rounded-window-top -->
            <div class="main-panel-content rounded-window-bottom">
              <div class="method">
                <div class="method-content">
                  <a name="CreateTroubleTicketUserTest">
                  </a> <!-- CreateTroubleTicketUserTest -->
                  <span class="method-name">CreateTroubleTicketUserTest</span>
                  <div class="stack-trace">org.openqa.selenium.TimeoutException: Expected condition failed: waiting for visibility of Proxy element for: DefaultElementLocator &apos;By.xpath: //span[@class=&apos;dvHeaderText&apos;]&apos; (tried for 32 second(s) with 500 milliseconds interval)
	at org.openqa.selenium.support.ui.WebDriverWait.timeoutException(WebDriverWait.java:84)
	at org.openqa.selenium.support.ui.FluentWait.until(FluentWait.java:228)
	at Comcast.Crm.Generic.WebdriverUtility.WebDriverUtility.waitForElementPresent(WebDriverUtility.java:41)
	at Com.Comcast.Crm.TroubleTickeTest.CreateTroubleTicketwithUserTest.CreateTroubleTicketUserTest(CreateTroubleTicketwithUserTest.java:34)
	at java.base/java.util.ArrayList.forEach(ArrayList.java:1596)
Caused by: org.openqa.selenium.NoSuchElementException: no such element: Unable to locate element: {&quot;method&quot;:&quot;xpath&quot;,&quot;selector&quot;:&quot;//span[@class=&apos;dvHeaderText&apos;]&quot;}
  (Session info: MicrosoftEdge=129.0.2792.65)
For documentation on this error, please visit: https://www.selenium.dev/documentation/webdriver/troubleshooting/errors#no-such-element-exception
Build info: version: &apos;4.18.1&apos;, revision: &apos;b1d3319b48&apos;
System info: os.name: &apos;Windows 11&apos;, os.arch: &apos;amd64&apos;, os.version: &apos;10.0&apos;, java.version: &apos;21.0.4&apos;
Driver info: org.openqa.selenium.edge.EdgeDriver
Command: [e3025b0b629397e5bbff526708983125, findElement {value=//span[@class=&apos;dvHeaderText&apos;], using=xpath}]
Capabilities {acceptInsecureCerts: false, browserName: MicrosoftEdge, browserVersion: 129.0.2792.65, fedcm:accounts: true, ms:edgeOptions: {debuggerAddress: localhost:58443}, msedge: {msedgedriverVersion: 129.0.2792.52 (6462e8fc16ec..., userDataDir: C:\Users\91797\AppData\Loca...}, networkConnectionEnabled: false, pageLoadStrategy: normal, platformName: windows, proxy: Proxy(), se:cdp: ws://localhost:58443/devtoo..., se:cdpVersion: 129.0.2792.65, setWindowRect: true, strictFileInteractability: false, timeouts: {implicit: 0, pageLoad: 300000, script: 30000}, unhandledPromptBehavior: dismiss and notify, webauthn:extension:credBlob: true, webauthn:extension:largeBlob: true, webauthn:extension:minPinLength: true, webauthn:extension:prf: true, webauthn:virtualAuthenticators: true}
Session ID: e3025b0b629397e5bbff526708983125
	at org.openqa.selenium.remote.ErrorCodec.decode(ErrorCodec.java:167)
	at org.openqa.selenium.remote.codec.w3c.W3CHttpResponseCodec.decode(W3CHttpResponseCodec.java:138)
	at org.openqa.selenium.remote.codec.w3c.W3CHttpResponseCodec.decode(W3CHttpResponseCodec.java:50)
	at org.openqa.selenium.remote.HttpCommandExecutor.execute(HttpCommandExecutor.java:190)
	at org.openqa.selenium.remote.service.DriverCommandExecutor.invokeExecute(DriverCommandExecutor.java:216)
	at org.openqa.selenium.remote.service.DriverCommandExecutor.execute(DriverCommandExecutor.java:174)
	at org.openqa.selenium.remote.RemoteWebDriver.execute(RemoteWebDriver.java:519)
	at org.openqa.selenium.remote.ElementLocation$ElementFinder$2.findElement(ElementLocation.java:165)
	at org.openqa.selenium.remote.ElementLocation.findElement(ElementLocation.java:59)
	at org.openqa.selenium.remote.RemoteWebDriver.findElement(RemoteWebDriver.java:356)
	at org.openqa.selenium.remote.RemoteWebDriver.findElement(RemoteWebDriver.java:350)
	at org.openqa.selenium.support.pagefactory.DefaultElementLocator.findElement(DefaultElementLocator.java:68)
	at org.openqa.selenium.support.pagefactory.internal.LocatingElementHandler.invoke(LocatingElementHandler.java:38)
	at jdk.proxy2/jdk.proxy2.$Proxy13.isDisplayed(Unknown Source)
	at org.openqa.selenium.support.ui.ExpectedConditions.elementIfVisible(ExpectedConditions.java:304)
	at org.openqa.selenium.support.ui.ExpectedConditions$10.apply(ExpectedConditions.java:290)
	at org.openqa.selenium.support.ui.ExpectedConditions$10.apply(ExpectedConditions.java:287)
	at org.openqa.selenium.support.ui.FluentWait.until(FluentWait.java:203)
	... 33 more
... Removed 33 stack frames
</div> <!-- stack-trace -->
                </div> <!-- method-content -->
              </div> <!-- method -->
            </div> <!-- main-panel-content rounded-window-bottom -->
          </div> <!-- suite-Surefire_suite-class-failed -->
          <div class="suite-Surefire_suite-class-failed">
            <div class="main-panel-header rounded-window-top">
              <img src="failed.png"/>
              <span class="class-name">Com.Comcast.Crm.CampaignsTest.CampaignTest</span>
            </div> <!-- main-panel-header rounded-window-top -->
            <div class="main-panel-content rounded-window-bottom">
              <div class="method">
                <div class="method-content">
                  <a name="createCampaignTest">
                  </a> <!-- createCampaignTest -->
                  <span class="method-name">createCampaignTest</span>
                  <div class="stack-trace">java.lang.AssertionError: null
	at Com.Comcast.Crm.CampaignsTest.CampaignTest.createCampaignTest(CampaignTest.java:28)
	at java.base/java.util.ArrayList.forEach(ArrayList.java:1596)
... Removed 32 stack frames
</div> <!-- stack-trace -->
                </div> <!-- method-content -->
              </div> <!-- method -->
            </div> <!-- main-panel-content rounded-window-bottom -->
          </div> <!-- suite-Surefire_suite-class-failed -->
          <div class="suite-Surefire_suite-class-failed">
            <div class="main-panel-header rounded-window-top">
              <img src="failed.png"/>
              <span class="class-name">Com.Comcast.Crm.LeadTest.CreateLeadTest</span>
            </div> <!-- main-panel-header rounded-window-top -->
            <div class="main-panel-content rounded-window-bottom">
              <div class="method">
                <div class="method-content">
                  <a name="CreateLead_Test">
                  </a> <!-- CreateLead_Test -->
                  <span class="method-name">CreateLead_Test</span>
                  <div class="stack-trace">org.openqa.selenium.NoSuchElementException: no such element: Unable to locate element: {&quot;method&quot;:&quot;xpath&quot;,&quot;selector&quot;:&quot;//a[@href=&quot;index.php?module=Leads&amp;action=index&quot;]&quot;}
  (Session info: MicrosoftEdge=129.0.2792.65)
For documentation on this error, please visit: https://www.selenium.dev/documentation/webdriver/troubleshooting/errors#no-such-element-exception
Build info: version: &apos;4.18.1&apos;, revision: &apos;b1d3319b48&apos;
System info: os.name: &apos;Windows 11&apos;, os.arch: &apos;amd64&apos;, os.version: &apos;10.0&apos;, java.version: &apos;21.0.4&apos;
Driver info: org.openqa.selenium.edge.EdgeDriver
Command: [bdac64e43cbad1a83a197991648fd32a, findElement {value=//a[@href=&quot;index.php?module=Leads&amp;action=index&quot;], using=xpath}]
Capabilities {acceptInsecureCerts: false, browserName: MicrosoftEdge, browserVersion: 129.0.2792.65, fedcm:accounts: true, ms:edgeOptions: {debuggerAddress: localhost:57693}, msedge: {msedgedriverVersion: 129.0.2792.52 (6462e8fc16ec..., userDataDir: C:\Users\91797\AppData\Loca...}, networkConnectionEnabled: false, pageLoadStrategy: normal, platformName: windows, proxy: Proxy(), se:cdp: ws://localhost:57693/devtoo..., se:cdpVersion: 129.0.2792.65, setWindowRect: true, strictFileInteractability: false, timeouts: {implicit: 0, pageLoad: 300000, script: 30000}, unhandledPromptBehavior: dismiss and notify, webauthn:extension:credBlob: true, webauthn:extension:largeBlob: true, webauthn:extension:minPinLength: true, webauthn:extension:prf: true, webauthn:virtualAuthenticators: true}
Session ID: bdac64e43cbad1a83a197991648fd32a
	at org.openqa.selenium.remote.ErrorCodec.decode(ErrorCodec.java:167)
	at org.openqa.selenium.remote.codec.w3c.W3CHttpResponseCodec.decode(W3CHttpResponseCodec.java:138)
	at org.openqa.selenium.remote.codec.w3c.W3CHttpResponseCodec.decode(W3CHttpResponseCodec.java:50)
	at org.openqa.selenium.remote.HttpCommandExecutor.execute(HttpCommandExecutor.java:190)
	at org.openqa.selenium.remote.service.DriverCommandExecutor.invokeExecute(DriverCommandExecutor.java:216)
	at org.openqa.selenium.remote.service.DriverCommandExecutor.execute(DriverCommandExecutor.java:174)
	at org.openqa.selenium.remote.RemoteWebDriver.execute(RemoteWebDriver.java:519)
	at org.openqa.selenium.remote.ElementLocation$ElementFinder$2.findElement(ElementLocation.java:165)
	at org.openqa.selenium.remote.ElementLocation.findElement(ElementLocation.java:59)
	at org.openqa.selenium.remote.RemoteWebDriver.findElement(RemoteWebDriver.java:356)
	at org.openqa.selenium.remote.RemoteWebDriver.findElement(RemoteWebDriver.java:350)
	at org.openqa.selenium.support.pagefactory.DefaultElementLocator.findElement(DefaultElementLocator.java:68)
	at org.openqa.selenium.support.pagefactory.internal.LocatingElementHandler.invoke(LocatingElementHandler.java:38)
	at jdk.proxy2/jdk.proxy2.$Proxy13.click(Unknown Source)
	at Com.Comcast.Crm.LeadTest.CreateLeadTest.CreateLead_Test(CreateLeadTest.java:38)
	at java.base/java.util.concurrent.FutureTask.run(FutureTask.java:317)
	at java.base/java.util.concurrent.ThreadPoolExecutor.runWorker(ThreadPoolExecutor.java:1144)
	at java.base/java.util.concurrent.ThreadPoolExecutor$Worker.run(ThreadPoolExecutor.java:642)
	at java.base/java.lang.Thread.run(Thread.java:1583)
... Removed 14 stack frames
</div> <!-- stack-trace -->
                </div> <!-- method-content -->
              </div> <!-- method -->
            </div> <!-- main-panel-content rounded-window-bottom -->
          </div> <!-- suite-Surefire_suite-class-failed -->
          <div class="suite-Surefire_suite-class-failed">
            <div class="main-panel-header rounded-window-top">
              <img src="failed.png"/>
              <span class="class-name">Com.Comcast.Crm.CampaignsTest.CreateOpportunitieTest</span>
            </div> <!-- main-panel-header rounded-window-top -->
            <div class="main-panel-content rounded-window-bottom">
              <div class="method">
                <div class="method-content">
                  <a name="CreateOpportTest">
                  </a> <!-- CreateOpportTest -->
                  <span class="method-name">CreateOpportTest</span>
                  <div class="stack-trace">java.lang.NullPointerException: Cannot invoke &quot;org.openqa.selenium.SearchContext.findElement(org.openqa.selenium.By)&quot; because &quot;this.searchContext&quot; is null
	at org.openqa.selenium.support.pagefactory.DefaultElementLocator.findElement(DefaultElementLocator.java:68)
	at org.openqa.selenium.support.pagefactory.internal.LocatingElementHandler.invoke(LocatingElementHandler.java:38)
	at jdk.proxy2/jdk.proxy2.$Proxy13.click(Unknown Source)
	at Com.Comcast.Crm.CampaignsTest.CreateOpportunitieTest.CreateOpportTest(CreateOpportunitieTest.java:24)
	at java.base/java.util.ArrayList.forEach(ArrayList.java:1596)
... Removed 30 stack frames
</div> <!-- stack-trace -->
                </div> <!-- method-content -->
              </div> <!-- method -->
            </div> <!-- main-panel-content rounded-window-bottom -->
          </div> <!-- suite-Surefire_suite-class-failed -->
          <div class="suite-Surefire_suite-class-skipped">
            <div class="main-panel-header rounded-window-top">
              <img src="skipped.png"/>
              <span class="class-name">Com.Comcast.Crm.LeadTest.CreateLeadTest</span>
            </div> <!-- main-panel-header rounded-window-top -->
            <div class="main-panel-content rounded-window-bottom">
              <div class="method">
                <div class="method-content">
                  <a name="CreateLead_Test">
                  </a> <!-- CreateLead_Test -->
                  <span class="method-name">CreateLead_Test</span>
                  <div class="stack-trace">org.openqa.selenium.StaleElementReferenceException: stale element reference: stale element not found
  (Session info: MicrosoftEdge=129.0.2792.65)
For documentation on this error, please visit: https://www.selenium.dev/documentation/webdriver/troubleshooting/errors#stale-element-reference-exception
Build info: version: &apos;4.18.1&apos;, revision: &apos;b1d3319b48&apos;
System info: os.name: &apos;Windows 11&apos;, os.arch: &apos;amd64&apos;, os.version: &apos;10.0&apos;, java.version: &apos;21.0.4&apos;
Driver info: org.openqa.selenium.edge.EdgeDriver
Command: [bdac64e43cbad1a83a197991648fd32a, clickElement {id=f.EFF8AFFFD90A199FC19FD0FA2D99B48A.d.FF3DA2F09F4AC42D1055F5EEA380521B.e.59}]
Capabilities {acceptInsecureCerts: false, browserName: MicrosoftEdge, browserVersion: 129.0.2792.65, fedcm:accounts: true, ms:edgeOptions: {debuggerAddress: localhost:57693}, msedge: {msedgedriverVersion: 129.0.2792.52 (6462e8fc16ec..., userDataDir: C:\Users\91797\AppData\Loca...}, networkConnectionEnabled: false, pageLoadStrategy: normal, platformName: windows, proxy: Proxy(), se:cdp: ws://localhost:57693/devtoo..., se:cdpVersion: 129.0.2792.65, setWindowRect: true, strictFileInteractability: false, timeouts: {implicit: 0, pageLoad: 300000, script: 30000}, unhandledPromptBehavior: dismiss and notify, webauthn:extension:credBlob: true, webauthn:extension:largeBlob: true, webauthn:extension:minPinLength: true, webauthn:extension:prf: true, webauthn:virtualAuthenticators: true}
Element: [[EdgeDriver: MicrosoftEdge on windows (bdac64e43cbad1a83a197991648fd32a)] -&gt; id: submitButton]
Session ID: bdac64e43cbad1a83a197991648fd32a
	at org.openqa.selenium.remote.ErrorCodec.decode(ErrorCodec.java:167)
	at org.openqa.selenium.remote.codec.w3c.W3CHttpResponseCodec.decode(W3CHttpResponseCodec.java:138)
	at org.openqa.selenium.remote.codec.w3c.W3CHttpResponseCodec.decode(W3CHttpResponseCodec.java:50)
	at org.openqa.selenium.remote.HttpCommandExecutor.execute(HttpCommandExecutor.java:190)
	at org.openqa.selenium.remote.service.DriverCommandExecutor.invokeExecute(DriverCommandExecutor.java:216)
	at org.openqa.selenium.remote.service.DriverCommandExecutor.execute(DriverCommandExecutor.java:174)
	at org.openqa.selenium.remote.RemoteWebDriver.execute(RemoteWebDriver.java:519)
	at org.openqa.selenium.remote.RemoteWebElement.execute(RemoteWebElement.java:223)
	at org.openqa.selenium.remote.RemoteWebElement.click(RemoteWebElement.java:76)
	at org.openqa.selenium.support.pagefactory.internal.LocatingElementHandler.invoke(LocatingElementHandler.java:51)
	at jdk.proxy2/jdk.proxy2.$Proxy13.click(Unknown Source)
	at Comcast.Crm.ObjectRepository.LoginPage.loginToApp(LoginPage.java:42)
	at Com.Crm.generic.BaseUtility.BaseUtility.Login(BaseUtility.java:69)
	at java.base/java.util.concurrent.FutureTask.run(FutureTask.java:317)
	at java.base/java.util.concurrent.ThreadPoolExecutor.runWorker(ThreadPoolExecutor.java:1144)
	at java.base/java.util.concurrent.ThreadPoolExecutor$Worker.run(ThreadPoolExecutor.java:642)
	at java.base/java.lang.Thread.run(Thread.java:1583)
... Removed 20 stack frames
</div> <!-- stack-trace -->
                </div> <!-- method-content -->
              </div> <!-- method -->
              <div class="method">
                <div class="method-content">
                  <a name="CreateLead_Test">
                  </a> <!-- CreateLead_Test -->
                  <span class="method-name">CreateLead_Test</span>
                  <div class="stack-trace">org.openqa.selenium.StaleElementReferenceException: stale element reference: stale element not found
  (Session info: MicrosoftEdge=129.0.2792.65)
For documentation on this error, please visit: https://www.selenium.dev/documentation/webdriver/troubleshooting/errors#stale-element-reference-exception
Build info: version: &apos;4.18.1&apos;, revision: &apos;b1d3319b48&apos;
System info: os.name: &apos;Windows 11&apos;, os.arch: &apos;amd64&apos;, os.version: &apos;10.0&apos;, java.version: &apos;21.0.4&apos;
Driver info: org.openqa.selenium.edge.EdgeDriver
Command: [bdac64e43cbad1a83a197991648fd32a, clickElement {id=f.EFF8AFFFD90A199FC19FD0FA2D99B48A.d.FF3DA2F09F4AC42D1055F5EEA380521B.e.59}]
Capabilities {acceptInsecureCerts: false, browserName: MicrosoftEdge, browserVersion: 129.0.2792.65, fedcm:accounts: true, ms:edgeOptions: {debuggerAddress: localhost:57693}, msedge: {msedgedriverVersion: 129.0.2792.52 (6462e8fc16ec..., userDataDir: C:\Users\91797\AppData\Loca...}, networkConnectionEnabled: false, pageLoadStrategy: normal, platformName: windows, proxy: Proxy(), se:cdp: ws://localhost:57693/devtoo..., se:cdpVersion: 129.0.2792.65, setWindowRect: true, strictFileInteractability: false, timeouts: {implicit: 0, pageLoad: 300000, script: 30000}, unhandledPromptBehavior: dismiss and notify, webauthn:extension:credBlob: true, webauthn:extension:largeBlob: true, webauthn:extension:minPinLength: true, webauthn:extension:prf: true, webauthn:virtualAuthenticators: true}
Element: [[EdgeDriver: MicrosoftEdge on windows (bdac64e43cbad1a83a197991648fd32a)] -&gt; id: submitButton]
Session ID: bdac64e43cbad1a83a197991648fd32a
	at org.openqa.selenium.remote.ErrorCodec.decode(ErrorCodec.java:167)
	at org.openqa.selenium.remote.codec.w3c.W3CHttpResponseCodec.decode(W3CHttpResponseCodec.java:138)
	at org.openqa.selenium.remote.codec.w3c.W3CHttpResponseCodec.decode(W3CHttpResponseCodec.java:50)
	at org.openqa.selenium.remote.HttpCommandExecutor.execute(HttpCommandExecutor.java:190)
	at org.openqa.selenium.remote.service.DriverCommandExecutor.invokeExecute(DriverCommandExecutor.java:216)
	at org.openqa.selenium.remote.service.DriverCommandExecutor.execute(DriverCommandExecutor.java:174)
	at org.openqa.selenium.remote.RemoteWebDriver.execute(RemoteWebDriver.java:519)
	at org.openqa.selenium.remote.RemoteWebElement.execute(RemoteWebElement.java:223)
	at org.openqa.selenium.remote.RemoteWebElement.click(RemoteWebElement.java:76)
	at org.openqa.selenium.support.pagefactory.internal.LocatingElementHandler.invoke(LocatingElementHandler.java:51)
	at jdk.proxy2/jdk.proxy2.$Proxy13.click(Unknown Source)
	at Comcast.Crm.ObjectRepository.LoginPage.loginToApp(LoginPage.java:42)
	at Com.Crm.generic.BaseUtility.BaseUtility.Login(BaseUtility.java:69)
	at java.base/java.util.concurrent.FutureTask.run(FutureTask.java:317)
	at java.base/java.util.concurrent.ThreadPoolExecutor.runWorker(ThreadPoolExecutor.java:1144)
	at java.base/java.util.concurrent.ThreadPoolExecutor$Worker.run(ThreadPoolExecutor.java:642)
	at java.base/java.lang.Thread.run(Thread.java:1583)
... Removed 20 stack frames
</div> <!-- stack-trace -->
                </div> <!-- method-content -->
              </div> <!-- method -->
              <div class="method">
                <div class="method-content">
                  <a name="CreateLead_Test">
                  </a> <!-- CreateLead_Test -->
                  <span class="method-name">CreateLead_Test</span>
                  <div class="stack-trace">org.openqa.selenium.StaleElementReferenceException: stale element reference: stale element not found
  (Session info: MicrosoftEdge=129.0.2792.65)
For documentation on this error, please visit: https://www.selenium.dev/documentation/webdriver/troubleshooting/errors#stale-element-reference-exception
Build info: version: &apos;4.18.1&apos;, revision: &apos;b1d3319b48&apos;
System info: os.name: &apos;Windows 11&apos;, os.arch: &apos;amd64&apos;, os.version: &apos;10.0&apos;, java.version: &apos;21.0.4&apos;
Driver info: org.openqa.selenium.edge.EdgeDriver
Command: [bdac64e43cbad1a83a197991648fd32a, clickElement {id=f.EFF8AFFFD90A199FC19FD0FA2D99B48A.d.FF3DA2F09F4AC42D1055F5EEA380521B.e.59}]
Capabilities {acceptInsecureCerts: false, browserName: MicrosoftEdge, browserVersion: 129.0.2792.65, fedcm:accounts: true, ms:edgeOptions: {debuggerAddress: localhost:57693}, msedge: {msedgedriverVersion: 129.0.2792.52 (6462e8fc16ec..., userDataDir: C:\Users\91797\AppData\Loca...}, networkConnectionEnabled: false, pageLoadStrategy: normal, platformName: windows, proxy: Proxy(), se:cdp: ws://localhost:57693/devtoo..., se:cdpVersion: 129.0.2792.65, setWindowRect: true, strictFileInteractability: false, timeouts: {implicit: 0, pageLoad: 300000, script: 30000}, unhandledPromptBehavior: dismiss and notify, webauthn:extension:credBlob: true, webauthn:extension:largeBlob: true, webauthn:extension:minPinLength: true, webauthn:extension:prf: true, webauthn:virtualAuthenticators: true}
Element: [[EdgeDriver: MicrosoftEdge on windows (bdac64e43cbad1a83a197991648fd32a)] -&gt; id: submitButton]
Session ID: bdac64e43cbad1a83a197991648fd32a
	at org.openqa.selenium.remote.ErrorCodec.decode(ErrorCodec.java:167)
	at org.openqa.selenium.remote.codec.w3c.W3CHttpResponseCodec.decode(W3CHttpResponseCodec.java:138)
	at org.openqa.selenium.remote.codec.w3c.W3CHttpResponseCodec.decode(W3CHttpResponseCodec.java:50)
	at org.openqa.selenium.remote.HttpCommandExecutor.execute(HttpCommandExecutor.java:190)
	at org.openqa.selenium.remote.service.DriverCommandExecutor.invokeExecute(DriverCommandExecutor.java:216)
	at org.openqa.selenium.remote.service.DriverCommandExecutor.execute(DriverCommandExecutor.java:174)
	at org.openqa.selenium.remote.RemoteWebDriver.execute(RemoteWebDriver.java:519)
	at org.openqa.selenium.remote.RemoteWebElement.execute(RemoteWebElement.java:223)
	at org.openqa.selenium.remote.RemoteWebElement.click(RemoteWebElement.java:76)
	at org.openqa.selenium.support.pagefactory.internal.LocatingElementHandler.invoke(LocatingElementHandler.java:51)
	at jdk.proxy2/jdk.proxy2.$Proxy13.click(Unknown Source)
	at Comcast.Crm.ObjectRepository.LoginPage.loginToApp(LoginPage.java:42)
	at Com.Crm.generic.BaseUtility.BaseUtility.Login(BaseUtility.java:69)
	at java.base/java.util.concurrent.FutureTask.run(FutureTask.java:317)
	at java.base/java.util.concurrent.ThreadPoolExecutor.runWorker(ThreadPoolExecutor.java:1144)
	at java.base/java.util.concurrent.ThreadPoolExecutor$Worker.run(ThreadPoolExecutor.java:642)
	at java.base/java.lang.Thread.run(Thread.java:1583)
... Removed 20 stack frames
</div> <!-- stack-trace -->
                </div> <!-- method-content -->
              </div> <!-- method -->
            </div> <!-- main-panel-content rounded-window-bottom -->
          </div> <!-- suite-Surefire_suite-class-skipped -->
          <div class="suite-Surefire_suite-class-passed">
            <div class="main-panel-header rounded-window-top">
              <img src="passed.png"/>
              <span class="class-name">Com.Comcast.Crm.ContactTest.CreateContactwithSupportDateTest</span>
            </div> <!-- main-panel-header rounded-window-top -->
            <div class="main-panel-content rounded-window-bottom">
              <div class="method">
                <div class="method-content">
                  <a name="CreateContactSupportDateTest">
                  </a> <!-- CreateContactSupportDateTest -->
                  <span class="method-name">CreateContactSupportDateTest</span>
                </div> <!-- method-content -->
              </div> <!-- method -->
            </div> <!-- main-panel-content rounded-window-bottom -->
          </div> <!-- suite-Surefire_suite-class-passed -->
          <div class="suite-Surefire_suite-class-passed">
            <div class="main-panel-header rounded-window-top">
              <img src="passed.png"/>
              <span class="class-name">Com.Comcast.Crm.ContactTest.ContactTest</span>
            </div> <!-- main-panel-header rounded-window-top -->
            <div class="main-panel-content rounded-window-bottom">
              <div class="method">
                <div class="method-content">
                  <a name="CreateContactSupportDateTest">
                  </a> <!-- CreateContactSupportDateTest -->
                  <span class="method-name">CreateContactSupportDateTest</span>
                </div> <!-- method-content -->
              </div> <!-- method -->
              <div class="method">
                <div class="method-content">
                  <a name="CreateContactwithOrgTest">
                  </a> <!-- CreateContactwithOrgTest -->
                  <span class="method-name">CreateContactwithOrgTest</span>
                </div> <!-- method-content -->
              </div> <!-- method -->
              <div class="method">
                <div class="method-content">
                  <a name="createContactTest">
                  </a> <!-- createContactTest -->
                  <span class="method-name">createContactTest</span>
                </div> <!-- method-content -->
              </div> <!-- method -->
            </div> <!-- main-panel-content rounded-window-bottom -->
          </div> <!-- suite-Surefire_suite-class-passed -->
          <div class="suite-Surefire_suite-class-passed">
            <div class="main-panel-header rounded-window-top">
              <img src="passed.png"/>
              <span class="class-name">Com.Comcast.Crm.OrgTest.CreateORGwithIndustries_typeTest</span>
            </div> <!-- main-panel-header rounded-window-top -->
            <div class="main-panel-content rounded-window-bottom">
              <div class="method">
                <div class="method-content">
                  <a name="CreateORGIndustriesAndTypeTest">
                  </a> <!-- CreateORGIndustriesAndTypeTest -->
                  <span class="method-name">CreateORGIndustriesAndTypeTest</span>
                </div> <!-- method-content -->
              </div> <!-- method -->
            </div> <!-- main-panel-content rounded-window-bottom -->
          </div> <!-- suite-Surefire_suite-class-passed -->
          <div class="suite-Surefire_suite-class-passed">
            <div class="main-panel-header rounded-window-top">
              <img src="passed.png"/>
              <span class="class-name">Com.Comcast.Crm.OrgTest.OrgTest</span>
            </div> <!-- main-panel-header rounded-window-top -->
            <div class="main-panel-content rounded-window-bottom">
              <div class="method">
                <div class="method-content">
                  <a name="CreateORGwithIndustriesTypeTest">
                  </a> <!-- CreateORGwithIndustriesTypeTest -->
                  <span class="method-name">CreateORGwithIndustriesTypeTest</span>
                </div> <!-- method-content -->
              </div> <!-- method -->
              <div class="method">
                <div class="method-content">
                  <a name="CreateOrgandPhoneNumberTest">
                  </a> <!-- CreateOrgandPhoneNumberTest -->
                  <span class="method-name">CreateOrgandPhoneNumberTest</span>
                </div> <!-- method-content -->
              </div> <!-- method -->
            </div> <!-- main-panel-content rounded-window-bottom -->
          </div> <!-- suite-Surefire_suite-class-passed -->
          <div class="suite-Surefire_suite-class-passed">
            <div class="main-panel-header rounded-window-top">
              <img src="passed.png"/>
              <span class="class-name">Comcast.Crm.ProductTest.ProductTest</span>
            </div> <!-- main-panel-header rounded-window-top -->
            <div class="main-panel-content rounded-window-bottom">
              <div class="method">
                <div class="method-content">
                  <a name="createProductTest">
                  </a> <!-- createProductTest -->
                  <span class="method-name">createProductTest</span>
                </div> <!-- method-content -->
              </div> <!-- method -->
            </div> <!-- main-panel-content rounded-window-bottom -->
          </div> <!-- suite-Surefire_suite-class-passed -->
          <div class="suite-Surefire_suite-class-passed">
            <div class="main-panel-header rounded-window-top">
              <img src="passed.png"/>
              <span class="class-name">Com.Comcast.Crm.OrgTest.CreateOrg_withPhoneNumbwerTest</span>
            </div> <!-- main-panel-header rounded-window-top -->
            <div class="main-panel-content rounded-window-bottom">
              <div class="method">
                <div class="method-content">
                  <a name="CreateOrgandPhoneNumberTest">
                  </a> <!-- CreateOrgandPhoneNumberTest -->
                  <span class="method-name">CreateOrgandPhoneNumberTest</span>
                </div> <!-- method-content -->
              </div> <!-- method -->
            </div> <!-- main-panel-content rounded-window-bottom -->
          </div> <!-- suite-Surefire_suite-class-passed -->
          <div class="suite-Surefire_suite-class-passed">
            <div class="main-panel-header rounded-window-top">
              <img src="passed.png"/>
              <span class="class-name">Com.Comcast.Crm.ContactTest.CreateContactTest</span>
            </div> <!-- main-panel-header rounded-window-top -->
            <div class="main-panel-content rounded-window-bottom">
              <div class="method">
                <div class="method-content">
                  <a name="createContactTest">
                  </a> <!-- createContactTest -->
                  <span class="method-name">createContactTest</span>
                </div> <!-- method-content -->
              </div> <!-- method -->
            </div> <!-- main-panel-content rounded-window-bottom -->
          </div> <!-- suite-Surefire_suite-class-passed -->
          <div class="suite-Surefire_suite-class-passed">
            <div class="main-panel-header rounded-window-top">
              <img src="passed.png"/>
              <span class="class-name">Com.Comcast.Crm.CampaignsTest.CreateCampaignsTest</span>
            </div> <!-- main-panel-header rounded-window-top -->
            <div class="main-panel-content rounded-window-bottom">
              <div class="method">
                <div class="method-content">
                  <a name="CreateCampaignTest">
                  </a> <!-- CreateCampaignTest -->
                  <span class="method-name">CreateCampaignTest</span>
                </div> <!-- method-content -->
              </div> <!-- method -->
            </div> <!-- main-panel-content rounded-window-bottom -->
          </div> <!-- suite-Surefire_suite-class-passed -->
        </div> <!-- panel Surefire_suite -->
        <div panel-name="test-xml-Surefire_suite" class="panel">
          <div class="main-panel-header rounded-window-top">
          </div> <!-- main-panel-header rounded-window-top -->
          <div class="main-panel-content rounded-window-bottom">
            <pre>
&lt;?xml version=&quot;1.0&quot; encoding=&quot;UTF-8&quot;?&gt;
&lt;!DOCTYPE suite SYSTEM &quot;https://testng.org/testng-1.0.dtd&quot;&gt;
&lt;suite name=&quot;Surefire suite&quot; verbose=&quot;0&quot;&gt;
  &lt;test thread-count=&quot;5&quot; name=&quot;Surefire test&quot; verbose=&quot;0&quot;&gt;
    &lt;classes&gt;
      &lt;class name=&quot;Com.Comcast.Crm.CampaignsTest.CampaignTest&quot;/&gt;
      &lt;class name=&quot;Com.Comcast.Crm.CampaignsTest.CreateCampaignsTest&quot;/&gt;
      &lt;class name=&quot;Com.Comcast.Crm.CampaignsTest.CreateOpportunitieTest&quot;/&gt;
      &lt;class name=&quot;Com.Comcast.Crm.ContactTest.ContactTest&quot;/&gt;
      &lt;class name=&quot;Com.Comcast.Crm.ContactTest.CreateContactTest&quot;/&gt;
      &lt;class name=&quot;Com.Comcast.Crm.ContactTest.CreateContactwithSupportDateTest&quot;/&gt;
      &lt;class name=&quot;Com.Comcast.Crm.LeadTest.CreateLeadTest&quot;/&gt;
      &lt;class name=&quot;Com.Comcast.Crm.OrgTest.CreateOrganizationTest&quot;/&gt;
      &lt;class name=&quot;Com.Comcast.Crm.OrgTest.CreateOrgTest&quot;/&gt;
      &lt;class name=&quot;Com.Comcast.Crm.OrgTest.CreateORGwithIndustries_typeTest&quot;/&gt;
      &lt;class name=&quot;Com.Comcast.Crm.OrgTest.CreateOrg_withPhoneNumbwerTest&quot;/&gt;
      &lt;class name=&quot;Com.Comcast.Crm.OrgTest.OrgTest&quot;/&gt;
      &lt;class name=&quot;Com.Comcast.Crm.TroubleTickeTest.CreateTroubleTicketwithCONTACTTest&quot;/&gt;
      &lt;class name=&quot;Com.Comcast.Crm.TroubleTickeTest.CreateTroubleTicketwithGroupTest&quot;/&gt;
      &lt;class name=&quot;Com.Comcast.Crm.TroubleTickeTest.CreateTroubleTicketwithORGTest&quot;/&gt;
      &lt;class name=&quot;Com.Comcast.Crm.TroubleTickeTest.CreateTroubleTicketwithUserTest&quot;/&gt;
      &lt;class name=&quot;Comcast.Crm.ProductTest.ProductTest&quot;/&gt;
    &lt;/classes&gt;
  &lt;/test&gt; &lt;!-- Surefire test --&gt;
&lt;/suite&gt; &lt;!-- Surefire suite --&gt;
            </pre>
          </div> <!-- main-panel-content rounded-window-bottom -->
        </div> <!-- panel -->
        <div panel-name="testlist-Surefire_suite" class="panel">
          <div class="main-panel-header rounded-window-top">
            <span class="header-content">Tests for Surefire suite</span>
          </div> <!-- main-panel-header rounded-window-top -->
          <div class="main-panel-content rounded-window-bottom">
            <ul>
              <li>
                <span class="test-name">Surefire test (17 classes)</span>
              </li>
            </ul>
          </div> <!-- main-panel-content rounded-window-bottom -->
        </div> <!-- panel -->
        <div panel-name="group-Surefire_suite" class="panel">
          <div class="main-panel-header rounded-window-top">
            <span class="header-content">Groups for Surefire suite</span>
          </div> <!-- main-panel-header rounded-window-top -->
          <div class="main-panel-content rounded-window-bottom">
          </div> <!-- main-panel-content rounded-window-bottom -->
        </div> <!-- panel -->
        <div panel-name="times-Surefire_suite" class="panel">
          <div class="main-panel-header rounded-window-top">
            <span class="header-content">Times for Surefire suite</span>
          </div> <!-- main-panel-header rounded-window-top -->
          <div class="main-panel-content rounded-window-bottom">
            <div class="times-div">
              <script type="text/javascript">
suiteTableInitFunctions.push('tableData_Surefire_suite');
function tableData_Surefire_suite() {
var data = new google.visualization.DataTable();
data.addColumn('number', 'Number');
data.addColumn('string', 'Method');
data.addColumn('string', 'Class');
data.addColumn('number', 'Time (ms)');
data.addRows(22);
data.setCell(0, 0, 0)
data.setCell(0, 1, 'CreateTroubleTicketUserTest')
data.setCell(0, 2, 'Com.Comcast.Crm.TroubleTickeTest.CreateTroubleTicketwithUserTest')
data.setCell(0, 3, 39721);
data.setCell(1, 0, 1)
data.setCell(1, 1, 'CreateTroubleTicketwGroupTest')
data.setCell(1, 2, 'Com.Comcast.Crm.TroubleTickeTest.CreateTroubleTicketwithGroupTest')
data.setCell(1, 3, 38784);
data.setCell(2, 0, 2)
data.setCell(2, 1, 'CreateCampaignTest')
data.setCell(2, 2, 'Com.Comcast.Crm.CampaignsTest.CreateCampaignsTest')
data.setCell(2, 3, 30347);
data.setCell(3, 0, 3)
data.setCell(3, 1, 'CreateContactwithOrgTest')
data.setCell(3, 2, 'Com.Comcast.Crm.ContactTest.ContactTest')
data.setCell(3, 3, 28708);
data.setCell(4, 0, 4)
data.setCell(4, 1, 'createProductTest')
data.setCell(4, 2, 'Comcast.Crm.ProductTest.ProductTest')
data.setCell(4, 3, 16686);
data.setCell(5, 0, 5)
data.setCell(5, 1, 'CreateContactSupportDateTest')
data.setCell(5, 2, 'Com.Comcast.Crm.ContactTest.ContactTest')
data.setCell(5, 3, 16669);
data.setCell(6, 0, 6)
data.setCell(6, 1, 'CreateContactSupportDateTest')
data.setCell(6, 2, 'Com.Comcast.Crm.ContactTest.CreateContactwithSupportDateTest')
data.setCell(6, 3, 16220);
data.setCell(7, 0, 7)
data.setCell(7, 1, 'createCampaignTest')
data.setCell(7, 2, 'Com.Comcast.Crm.CampaignsTest.CampaignTest')
data.setCell(7, 3, 14623);
data.setCell(8, 0, 8)
data.setCell(8, 1, 'CreateOrgandPhoneNumberTest')
data.setCell(8, 2, 'Com.Comcast.Crm.OrgTest.OrgTest')
data.setCell(8, 3, 14468);
data.setCell(9, 0, 9)
data.setCell(9, 1, 'CreateORGIndustriesAndTypeTest')
data.setCell(9, 2, 'Com.Comcast.Crm.OrgTest.CreateORGwithIndustries_typeTest')
data.setCell(9, 3, 14104);
data.setCell(10, 0, 10)
data.setCell(10, 1, 'CreateORGwithIndustriesTypeTest')
data.setCell(10, 2, 'Com.Comcast.Crm.OrgTest.OrgTest')
data.setCell(10, 3, 14088);
data.setCell(11, 0, 11)
data.setCell(11, 1, 'CreateOrgandPhoneNumberTest')
data.setCell(11, 2, 'Com.Comcast.Crm.OrgTest.CreateOrg_withPhoneNumbwerTest')
data.setCell(11, 3, 13508);
data.setCell(12, 0, 12)
data.setCell(12, 1, 'createContactTest')
data.setCell(12, 2, 'Com.Comcast.Crm.ContactTest.CreateContactTest')
data.setCell(12, 3, 12865);
data.setCell(13, 0, 13)
data.setCell(13, 1, 'createContactTest')
data.setCell(13, 2, 'Com.Comcast.Crm.ContactTest.ContactTest')
data.setCell(13, 3, 12317);
data.setCell(14, 0, 14)
data.setCell(14, 1, 'CreateOrg_Test')
data.setCell(14, 2, 'Com.Comcast.Crm.OrgTest.CreateOrgTest')
data.setCell(14, 3, 11060);
data.setCell(15, 0, 15)
data.setCell(15, 1, 'CreateOrg_Test')
data.setCell(15, 2, 'Com.Comcast.Crm.OrgTest.OrgTest')
data.setCell(15, 3, 9804);
data.setCell(16, 0, 16)
data.setCell(16, 1, 'CreateTroubleTicketCONTACTTest')
data.setCell(16, 2, 'Com.Comcast.Crm.TroubleTickeTest.CreateTroubleTicketwithCONTACTTest')
data.setCell(16, 3, 7784);
data.setCell(17, 0, 17)
data.setCell(17, 1, 'CreateOpportTest')
data.setCell(17, 2, 'Com.Comcast.Crm.CampaignsTest.CreateOpportunitieTest')
data.setCell(17, 3, 360);
data.setCell(18, 0, 18)
data.setCell(18, 1, 'CreateLead_Test')
data.setCell(18, 2, 'Com.Comcast.Crm.LeadTest.CreateLeadTest')
data.setCell(18, 3, 224);
data.setCell(19, 0, 19)
data.setCell(19, 1, 'CreateLead_Test')
data.setCell(19, 2, 'Com.Comcast.Crm.LeadTest.CreateLeadTest')
data.setCell(19, 3, 0);
data.setCell(20, 0, 20)
data.setCell(20, 1, 'CreateLead_Test')
data.setCell(20, 2, 'Com.Comcast.Crm.LeadTest.CreateLeadTest')
data.setCell(20, 3, 0);
data.setCell(21, 0, 21)
data.setCell(21, 1, 'CreateLead_Test')
data.setCell(21, 2, 'Com.Comcast.Crm.LeadTest.CreateLeadTest')
data.setCell(21, 3, 0);
window.suiteTableData['Surefire_suite']= { tableData: data, tableDiv: 'times-div-Surefire_suite'}
return data;
}
              </script>
              <span class="suite-total-time">Total running time: 5 minutes</span>
              <div id="times-div-Surefire_suite">
              </div> <!-- times-div-Surefire_suite -->
            </div> <!-- times-div -->
          </div> <!-- main-panel-content rounded-window-bottom -->
        </div> <!-- panel -->
        <div panel-name="reporter-Surefire_suite" class="panel">
          <div class="main-panel-header rounded-window-top">
            <span class="header-content">Reporter output for Surefire suite</span>
          </div> <!-- main-panel-header rounded-window-top -->
          <div class="main-panel-content rounded-window-bottom">
          </div> <!-- main-panel-content rounded-window-bottom -->
        </div> <!-- panel -->
        <div panel-name="ignored-methods-Surefire_suite" class="panel">
          <div class="main-panel-header rounded-window-top">
            <span class="header-content">28 ignored methods</span>
          </div> <!-- main-panel-header rounded-window-top -->
          <div class="main-panel-content rounded-window-bottom">
            <div class="ignored-class-div">
              <span class="ignored-class-name">Com.Comcast.Crm.ContactTest.ContactTest</span>
              <div class="ignored-methods-div">
                <span class="ignored-method-name">DataBaseConnection</span>
                <br/>
                <span class="ignored-method-name">CloseDataBaseConnection</span>
                <br/>
              </div> <!-- ignored-methods-div -->
            </div> <!-- ignored-class-div -->
            <div class="ignored-class-div">
              <span class="ignored-class-name">Com.Comcast.Crm.OrgTest.CreateORGwithIndustries_typeTest</span>
              <div class="ignored-methods-div">
                <span class="ignored-method-name">CloseDataBaseConnection</span>
                <br/>
                <span class="ignored-method-name">DataBaseConnection</span>
                <br/>
              </div> <!-- ignored-methods-div -->
            </div> <!-- ignored-class-div -->
            <div class="ignored-class-div">
              <span class="ignored-class-name">Comcast.Crm.ProductTest.ProductTest</span>
              <div class="ignored-methods-div">
                <span class="ignored-method-name">DataBaseConnection</span>
                <br/>
                <span class="ignored-method-name">CloseDataBaseConnection</span>
                <br/>
              </div> <!-- ignored-methods-div -->
            </div> <!-- ignored-class-div -->
            <div class="ignored-class-div">
              <span class="ignored-class-name">Com.Comcast.Crm.TroubleTickeTest.CreateTroubleTicketwithUserTest</span>
              <div class="ignored-methods-div">
                <span class="ignored-method-name">CloseDataBaseConnection</span>
                <br/>
                <span class="ignored-method-name">DataBaseConnection</span>
                <br/>
              </div> <!-- ignored-methods-div -->
            </div> <!-- ignored-class-div -->
            <div class="ignored-class-div">
              <span class="ignored-class-name">Com.Comcast.Crm.OrgTest.CreateOrg_withPhoneNumbwerTest</span>
              <div class="ignored-methods-div">
                <span class="ignored-method-name">CloseDataBaseConnection</span>
                <br/>
                <span class="ignored-method-name">DataBaseConnection</span>
                <br/>
              </div> <!-- ignored-methods-div -->
            </div> <!-- ignored-class-div -->
            <div class="ignored-class-div">
              <span class="ignored-class-name">Com.Comcast.Crm.LeadTest.CreateLeadTest</span>
              <div class="ignored-methods-div">
                <span class="ignored-method-name">DataBaseConnection</span>
                <br/>
                <span class="ignored-method-name">CloseDataBaseConnection</span>
                <br/>
              </div> <!-- ignored-methods-div -->
            </div> <!-- ignored-class-div -->
            <div class="ignored-class-div">
              <span class="ignored-class-name">Com.Comcast.Crm.CampaignsTest.CreateCampaignsTest</span>
              <div class="ignored-methods-div">
                <span class="ignored-method-name">DataBaseConnection</span>
                <br/>
                <span class="ignored-method-name">CloseDataBaseConnection</span>
                <br/>
              </div> <!-- ignored-methods-div -->
            </div> <!-- ignored-class-div -->
            <div class="ignored-class-div">
              <span class="ignored-class-name">Com.Comcast.Crm.ContactTest.CreateContactwithSupportDateTest</span>
              <div class="ignored-methods-div">
                <span class="ignored-method-name">CloseDataBaseConnection</span>
                <br/>
                <span class="ignored-method-name">DataBaseConnection</span>
                <br/>
              </div> <!-- ignored-methods-div -->
            </div> <!-- ignored-class-div -->
            <div class="ignored-class-div">
              <span class="ignored-class-name">Com.Comcast.Crm.TroubleTickeTest.CreateTroubleTicketwithCONTACTTest</span>
              <div class="ignored-methods-div">
                <span class="ignored-method-name">DataBaseConnection</span>
                <br/>
                <span class="ignored-method-name">CloseDataBaseConnection</span>
                <br/>
              </div> <!-- ignored-methods-div -->
            </div> <!-- ignored-class-div -->
            <div class="ignored-class-div">
              <span class="ignored-class-name">Com.Comcast.Crm.TroubleTickeTest.CreateTroubleTicketwithGroupTest</span>
              <div class="ignored-methods-div">
                <span class="ignored-method-name">CloseDataBaseConnection</span>
                <br/>
                <span class="ignored-method-name">DataBaseConnection</span>
                <br/>
              </div> <!-- ignored-methods-div -->
            </div> <!-- ignored-class-div -->
            <div class="ignored-class-div">
              <span class="ignored-class-name">Com.Comcast.Crm.OrgTest.OrgTest</span>
              <div class="ignored-methods-div">
                <span class="ignored-method-name">CloseDataBaseConnection</span>
                <br/>
                <span class="ignored-method-name">DataBaseConnection</span>
                <br/>
              </div> <!-- ignored-methods-div -->
            </div> <!-- ignored-class-div -->
            <div class="ignored-class-div">
              <span class="ignored-class-name">Com.Comcast.Crm.OrgTest.CreateOrgTest</span>
              <div class="ignored-methods-div">
                <span class="ignored-method-name">CloseDataBaseConnection</span>
                <br/>
                <span class="ignored-method-name">DataBaseConnection</span>
                <br/>
              </div> <!-- ignored-methods-div -->
            </div> <!-- ignored-class-div -->
            <div class="ignored-class-div">
              <span class="ignored-class-name">Com.Comcast.Crm.ContactTest.CreateContactTest</span>
              <div class="ignored-methods-div">
                <span class="ignored-method-name">CloseDataBaseConnection</span>
                <br/>
                <span class="ignored-method-name">DataBaseConnection</span>
                <br/>
              </div> <!-- ignored-methods-div -->
            </div> <!-- ignored-class-div -->
            <div class="ignored-class-div">
              <span class="ignored-class-name">Com.Comcast.Crm.CampaignsTest.CreateOpportunitieTest</span>
              <div class="ignored-methods-div">
                <span class="ignored-method-name">CloseDataBaseConnection</span>
                <br/>
                <span class="ignored-method-name">DataBaseConnection</span>
                <br/>
              </div> <!-- ignored-methods-div -->
            </div> <!-- ignored-class-div -->
          </div> <!-- main-panel-content rounded-window-bottom -->
        </div> <!-- panel -->
        <div panel-name="chronological-Surefire_suite" class="panel">
          <div class="main-panel-header rounded-window-top">
            <span class="header-content">Methods in chronological order</span>
          </div> <!-- main-panel-header rounded-window-top -->
          <div class="main-panel-content rounded-window-bottom">
            <div class="chronological-class">
              <div class="chronological-class-name">Com.Comcast.Crm.CampaignsTest.CampaignTest</div> <!-- chronological-class-name -->
              <div class="configuration-suite before">
                <span class="method-name">DataBaseConnection</span>
                <span class="method-start">0 ms</span>
              </div> <!-- configuration-suite before -->
              <div class="configuration-class before">
                <span class="method-name">LauanchBrowser</span>
                <span class="method-start">1150 ms</span>
              </div> <!-- configuration-class before -->
              <div class="configuration-method before">
                <span class="method-name">Login</span>
                <span class="method-start">104110 ms</span>
              </div> <!-- configuration-method before -->
              <div class="test-method">
                <img src="failed.png">
                </img>
                <span class="method-name">createCampaignTest</span>
                <span class="method-start">125001 ms</span>
              </div> <!-- test-method -->
              <div class="configuration-method after">
                <span class="method-name">LogOutPage</span>
                <span class="method-start">139656 ms</span>
              </div> <!-- configuration-method after -->
              <div class="configuration-class after">
                <span class="method-name">CloseBrowser</span>
                <span class="method-start">142844 ms</span>
              </div> <!-- configuration-class after -->
            </div> <!-- chronological-class -->
            <div class="chronological-class">
              <div class="chronological-class-name">Com.Comcast.Crm.CampaignsTest.CreateCampaignsTest</div> <!-- chronological-class-name -->
              <div class="configuration-class before">
                <span class="method-name">LauanchBrowser</span>
                <span class="method-start">145442 ms</span>
              </div> <!-- configuration-class before -->
              <div class="configuration-method before">
                <span class="method-name">Login</span>
                <span class="method-start">204355 ms</span>
              </div> <!-- configuration-method before -->
              <div class="test-method">
                <span class="method-name">CreateCampaignTest</span>
                <span class="method-start">210084 ms</span>
              </div> <!-- test-method -->
              <div class="configuration-method after">
                <span class="method-name">LogOutPage</span>
                <span class="method-start">240431 ms</span>
              </div> <!-- configuration-method after -->
              <div class="configuration-class after">
                <span class="method-name">CloseBrowser</span>
                <span class="method-start">242699 ms</span>
              </div> <!-- configuration-class after -->
            </div> <!-- chronological-class -->
            <div class="chronological-class">
              <div class="chronological-class-name">Com.Comcast.Crm.CampaignsTest.CreateOpportunitieTest</div> <!-- chronological-class-name -->
              <div class="configuration-class before">
                <span class="method-name">LauanchBrowser</span>
                <span class="method-start">244221 ms</span>
              </div> <!-- configuration-class before -->
              <div class="configuration-method before">
                <span class="method-name">Login</span>
                <span class="method-start">303847 ms</span>
              </div> <!-- configuration-method before -->
              <div class="test-method">
                <img src="failed.png">
                </img>
                <span class="method-name">CreateOpportTest</span>
                <span class="method-start">309827 ms</span>
              </div> <!-- test-method -->
              <div class="configuration-method after">
                <span class="method-name">LogOutPage</span>
                <span class="method-start">310212 ms</span>
              </div> <!-- configuration-method after -->
              <div class="configuration-class after">
                <span class="method-name">CloseBrowser</span>
                <span class="method-start">315484 ms</span>
              </div> <!-- configuration-class after -->
            </div> <!-- chronological-class -->
            <div class="chronological-class">
              <div class="chronological-class-name">Com.Comcast.Crm.ContactTest.ContactTest</div> <!-- chronological-class-name -->
              <div class="configuration-class before">
                <span class="method-name">LauanchBrowser</span>
                <span class="method-start">316926 ms</span>
              </div> <!-- configuration-class before -->
              <div class="configuration-method before">
                <span class="method-name">Login</span>
                <span class="method-start">382909 ms</span>
              </div> <!-- configuration-method before -->
              <div class="test-method">
                <span class="method-name">CreateContactSupportDateTest</span>
                <span class="method-start">388501 ms</span>
              </div> <!-- test-method -->
              <div class="configuration-method after">
                <span class="method-name">LogOutPage</span>
                <span class="method-start">405170 ms</span>
              </div> <!-- configuration-method after -->
              <div class="configuration-method before">
                <span class="method-name">Login</span>
                <span class="method-start">407408 ms</span>
              </div> <!-- configuration-method before -->
              <div class="test-method">
                <span class="method-name">CreateContactwithOrgTest</span>
                <span class="method-start">411613 ms</span>
              </div> <!-- test-method -->
              <div class="configuration-method after">
                <span class="method-name">LogOutPage</span>
                <span class="method-start">440323 ms</span>
              </div> <!-- configuration-method after -->
              <div class="configuration-method before">
                <span class="method-name">Login</span>
                <span class="method-start">442686 ms</span>
              </div> <!-- configuration-method before -->
              <div class="test-method">
                <span class="method-name">createContactTest</span>
                <span class="method-start">447054 ms</span>
              </div> <!-- test-method -->
              <div class="configuration-method after">
                <span class="method-name">LogOutPage</span>
                <span class="method-start">459371 ms</span>
              </div> <!-- configuration-method after -->
              <div class="configuration-class after">
                <span class="method-name">CloseBrowser</span>
                <span class="method-start">461658 ms</span>
              </div> <!-- configuration-class after -->
            </div> <!-- chronological-class -->
            <div class="chronological-class">
              <div class="chronological-class-name">Com.Comcast.Crm.ContactTest.CreateContactTest</div> <!-- chronological-class-name -->
              <div class="configuration-class before">
                <span class="method-name">LauanchBrowser</span>
                <span class="method-start">464241 ms</span>
              </div> <!-- configuration-class before -->
              <div class="configuration-method before">
                <span class="method-name">Login</span>
                <span class="method-start">526625 ms</span>
              </div> <!-- configuration-method before -->
              <div class="test-method">
                <span class="method-name">createContactTest</span>
                <span class="method-start">532600 ms</span>
              </div> <!-- test-method -->
              <div class="configuration-method after">
                <span class="method-name">LogOutPage</span>
                <span class="method-start">545465 ms</span>
              </div> <!-- configuration-method after -->
              <div class="configuration-class after">
                <span class="method-name">CloseBrowser</span>
                <span class="method-start">547864 ms</span>
              </div> <!-- configuration-class after -->
            </div> <!-- chronological-class -->
            <div class="chronological-class">
              <div class="chronological-class-name">Com.Comcast.Crm.ContactTest.CreateContactwithSupportDateTest</div> <!-- chronological-class-name -->
              <div class="configuration-class before">
                <span class="method-name">LauanchBrowser</span>
                <span class="method-start">549526 ms</span>
              </div> <!-- configuration-class before -->
              <div class="configuration-method before">
                <span class="method-name">Login</span>
                <span class="method-start">635950 ms</span>
              </div> <!-- configuration-method before -->
              <div class="test-method">
                <span class="method-name">CreateContactSupportDateTest</span>
                <span class="method-start">641689 ms</span>
              </div> <!-- test-method -->
              <div class="configuration-method after">
                <span class="method-name">LogOutPage</span>
                <span class="method-start">657909 ms</span>
              </div> <!-- configuration-method after -->
              <div class="configuration-class after">
                <span class="method-name">CloseBrowser</span>
                <span class="method-start">660040 ms</span>
              </div> <!-- configuration-class after -->
            </div> <!-- chronological-class -->
            <div class="chronological-class">
              <div class="chronological-class-name">Com.Comcast.Crm.LeadTest.CreateLeadTest</div> <!-- chronological-class-name -->
              <div class="configuration-class before">
                <span class="method-name">LauanchBrowser</span>
                <span class="method-start">661526 ms</span>
              </div> <!-- configuration-class before -->
              <div class="configuration-method before">
                <span class="method-name">Login</span>
                <span class="method-start">747780 ms</span>
              </div> <!-- configuration-method before -->
              <div class="configuration-method before">
                <img src="failed.png">
                </img>
                <span class="method-name">Login</span>
                <span class="method-start">747780 ms</span>
              </div> <!-- configuration-method before -->
              <div class="configuration-method before">
                <img src="failed.png">
                </img>
                <span class="method-name">Login</span>
                <span class="method-start">747780 ms</span>
              </div> <!-- configuration-method before -->
              <div class="test-method">
                <img src="failed.png">
                </img>
                <span class="method-name">CreateLead_Test</span>
                <span class="method-start">753877 ms</span>
              </div> <!-- test-method -->
              <div class="test-method">
                <span class="method-name">CreateLead_Test</span>
                <span class="method-start">753936 ms</span>
              </div> <!-- test-method -->
              <div class="test-method">
                <span class="method-name">CreateLead_Test</span>
                <span class="method-start">753936 ms</span>
              </div> <!-- test-method -->
              <div class="configuration-method after">
                <span class="method-name">LogOutPage</span>
                <span class="method-start">753939 ms</span>
              </div> <!-- configuration-method after -->
              <div class="configuration-method after">
                <span class="method-name">LogOutPage</span>
                <span class="method-start">753939 ms</span>
              </div> <!-- configuration-method after -->
              <div class="configuration-method before">
                <span class="method-name">Login</span>
                <span class="method-start">753943 ms</span>
              </div> <!-- configuration-method before -->
              <div class="test-method">
                <span class="method-name">CreateLead_Test</span>
                <span class="method-start">753945 ms</span>
              </div> <!-- test-method -->
              <div class="configuration-method after">
                <span class="method-name">LogOutPage</span>
                <span class="method-start">753946 ms</span>
              </div> <!-- configuration-method after -->
              <div class="configuration-method after">
                <span class="method-name">LogOutPage</span>
                <span class="method-start">754104 ms</span>
              </div> <!-- configuration-method after -->
              <div class="configuration-class after">
                <span class="method-name">CloseBrowser</span>
                <span class="method-start">754109 ms</span>
              </div> <!-- configuration-class after -->
            </div> <!-- chronological-class -->
            <div class="chronological-class">
              <div class="chronological-class-name">Com.Comcast.Crm.OrgTest.CreateOrgTest</div> <!-- chronological-class-name -->
              <div class="configuration-class before">
                <span class="method-name">LauanchBrowser</span>
                <span class="method-start">754110 ms</span>
              </div> <!-- configuration-class before -->
              <div class="configuration-method before">
                <span class="method-name">Login</span>
                <span class="method-start">806250 ms</span>
              </div> <!-- configuration-method before -->
              <div class="test-method">
                <img src="failed.png">
                </img>
                <span class="method-name">CreateOrg_Test</span>
                <span class="method-start">812457 ms</span>
              </div> <!-- test-method -->
              <div class="configuration-method after">
                <span class="method-name">LogOutPage</span>
                <span class="method-start">823540 ms</span>
              </div> <!-- configuration-method after -->
              <div class="configuration-class after">
                <span class="method-name">CloseBrowser</span>
                <span class="method-start">825613 ms</span>
              </div> <!-- configuration-class after -->
            </div> <!-- chronological-class -->
            <div class="chronological-class">
              <div class="chronological-class-name">Com.Comcast.Crm.OrgTest.CreateORGwithIndustries_typeTest</div> <!-- chronological-class-name -->
              <div class="configuration-class before">
                <span class="method-name">LauanchBrowser</span>
                <span class="method-start">827261 ms</span>
              </div> <!-- configuration-class before -->
              <div class="configuration-method before">
                <span class="method-name">Login</span>
                <span class="method-start">952657 ms</span>
              </div> <!-- configuration-method before -->
              <div class="test-method">
                <span class="method-name">CreateORGIndustriesAndTypeTest</span>
                <span class="method-start">958353 ms</span>
              </div> <!-- test-method -->
              <div class="configuration-method after">
                <span class="method-name">LogOutPage</span>
                <span class="method-start">972457 ms</span>
              </div> <!-- configuration-method after -->
              <div class="configuration-class after">
                <span class="method-name">CloseBrowser</span>
                <span class="method-start">974786 ms</span>
              </div> <!-- configuration-class after -->
            </div> <!-- chronological-class -->
            <div class="chronological-class">
              <div class="chronological-class-name">Com.Comcast.Crm.OrgTest.CreateOrg_withPhoneNumbwerTest</div> <!-- chronological-class-name -->
              <div class="configuration-class before">
                <span class="method-name">LauanchBrowser</span>
                <span class="method-start">976299 ms</span>
              </div> <!-- configuration-class before -->
              <div class="configuration-method before">
                <span class="method-name">Login</span>
                <span class="method-start">1069147 ms</span>
              </div> <!-- configuration-method before -->
              <div class="test-method">
                <span class="method-name">CreateOrgandPhoneNumberTest</span>
                <span class="method-start">1074574 ms</span>
              </div> <!-- test-method -->
              <div class="configuration-method after">
                <span class="method-name">LogOutPage</span>
                <span class="method-start">1088082 ms</span>
              </div> <!-- configuration-method after -->
              <div class="configuration-class after">
                <span class="method-name">CloseBrowser</span>
                <span class="method-start">1090275 ms</span>
              </div> <!-- configuration-class after -->
            </div> <!-- chronological-class -->
            <div class="chronological-class">
              <div class="chronological-class-name">Com.Comcast.Crm.OrgTest.OrgTest</div> <!-- chronological-class-name -->
              <div class="configuration-class before">
                <span class="method-name">LauanchBrowser</span>
                <span class="method-start">1091680 ms</span>
              </div> <!-- configuration-class before -->
              <div class="configuration-method before">
                <span class="method-name">Login</span>
                <span class="method-start">1186381 ms</span>
              </div> <!-- configuration-method before -->
              <div class="test-method">
                <span class="method-name">CreateORGwithIndustriesTypeTest</span>
                <span class="method-start">1193254 ms</span>
              </div> <!-- test-method -->
              <div class="configuration-method after">
                <span class="method-name">LogOutPage</span>
                <span class="method-start">1207342 ms</span>
              </div> <!-- configuration-method after -->
              <div class="configuration-method before">
                <span class="method-name">Login</span>
                <span class="method-start">1209461 ms</span>
              </div> <!-- configuration-method before -->
              <div class="test-method">
                <img src="failed.png">
                </img>
                <span class="method-name">CreateOrg_Test</span>
                <span class="method-start">1213749 ms</span>
              </div> <!-- test-method -->
              <div class="configuration-method after">
                <span class="method-name">LogOutPage</span>
                <span class="method-start">1223584 ms</span>
              </div> <!-- configuration-method after -->
              <div class="configuration-method before">
                <span class="method-name">Login</span>
                <span class="method-start">1225912 ms</span>
              </div> <!-- configuration-method before -->
              <div class="test-method">
                <span class="method-name">CreateOrgandPhoneNumberTest</span>
                <span class="method-start">1230149 ms</span>
              </div> <!-- test-method -->
              <div class="configuration-method after">
                <span class="method-name">LogOutPage</span>
                <span class="method-start">1244617 ms</span>
              </div> <!-- configuration-method after -->
              <div class="configuration-class after">
                <span class="method-name">CloseBrowser</span>
                <span class="method-start">1246813 ms</span>
              </div> <!-- configuration-class after -->
            </div> <!-- chronological-class -->
            <div class="chronological-class">
              <div class="chronological-class-name">Com.Comcast.Crm.TroubleTickeTest.CreateTroubleTicketwithCONTACTTest</div> <!-- chronological-class-name -->
              <div class="configuration-class before">
                <span class="method-name">LauanchBrowser</span>
                <span class="method-start">1248463 ms</span>
              </div> <!-- configuration-class before -->
              <div class="configuration-method before">
                <span class="method-name">Login</span>
                <span class="method-start">1318957 ms</span>
              </div> <!-- configuration-method before -->
              <div class="test-method">
                <img src="failed.png">
                </img>
                <span class="method-name">CreateTroubleTicketCONTACTTest</span>
                <span class="method-start">1324694 ms</span>
              </div> <!-- test-method -->
              <div class="configuration-method after">
                <span class="method-name">LogOutPage</span>
                <span class="method-start">1332481 ms</span>
              </div> <!-- configuration-method after -->
              <div class="configuration-class after">
                <span class="method-name">CloseBrowser</span>
                <span class="method-start">1335076 ms</span>
              </div> <!-- configuration-class after -->
            </div> <!-- chronological-class -->
            <div class="chronological-class">
              <div class="chronological-class-name">Com.Comcast.Crm.TroubleTickeTest.CreateTroubleTicketwithGroupTest</div> <!-- chronological-class-name -->
              <div class="configuration-class before">
                <span class="method-name">LauanchBrowser</span>
                <span class="method-start">1336479 ms</span>
              </div> <!-- configuration-class before -->
              <div class="configuration-method before">
                <span class="method-name">Login</span>
                <span class="method-start">1410112 ms</span>
              </div> <!-- configuration-method before -->
              <div class="test-method">
                <img src="failed.png">
                </img>
                <span class="method-name">CreateTroubleTicketwGroupTest</span>
                <span class="method-start">1415876 ms</span>
              </div> <!-- test-method -->
              <div class="configuration-method after">
                <span class="method-name">LogOutPage</span>
                <span class="method-start">1454667 ms</span>
              </div> <!-- configuration-method after -->
              <div class="configuration-class after">
                <span class="method-name">CloseBrowser</span>
                <span class="method-start">1457325 ms</span>
              </div> <!-- configuration-class after -->
            </div> <!-- chronological-class -->
            <div class="chronological-class">
              <div class="chronological-class-name">Com.Comcast.Crm.TroubleTickeTest.CreateTroubleTicketwithUserTest</div> <!-- chronological-class-name -->
              <div class="configuration-class before">
                <span class="method-name">LauanchBrowser</span>
                <span class="method-start">1458823 ms</span>
              </div> <!-- configuration-class before -->
              <div class="configuration-method before">
                <span class="method-name">Login</span>
                <span class="method-start">1550778 ms</span>
              </div> <!-- configuration-method before -->
              <div class="test-method">
                <img src="failed.png">
                </img>
                <span class="method-name">CreateTroubleTicketUserTest</span>
                <span class="method-start">1556706 ms</span>
              </div> <!-- test-method -->
              <div class="configuration-method after">
                <span class="method-name">LogOutPage</span>
                <span class="method-start">1596443 ms</span>
              </div> <!-- configuration-method after -->
              <div class="configuration-class after">
                <span class="method-name">CloseBrowser</span>
                <span class="method-start">1599068 ms</span>
              </div> <!-- configuration-class after -->
            </div> <!-- chronological-class -->
            <div class="chronological-class">
              <div class="chronological-class-name">Comcast.Crm.ProductTest.ProductTest</div> <!-- chronological-class-name -->
              <div class="configuration-class before">
                <span class="method-name">LauanchBrowser</span>
                <span class="method-start">1600708 ms</span>
              </div> <!-- configuration-class before -->
              <div class="configuration-method before">
                <span class="method-name">Login</span>
                <span class="method-start">1678444 ms</span>
              </div> <!-- configuration-method before -->
              <div class="test-method">
                <span class="method-name">createProductTest</span>
                <span class="method-start">1683924 ms</span>
              </div> <!-- test-method -->
              <div class="configuration-method after">
                <span class="method-name">LogOutPage</span>
                <span class="method-start">1700610 ms</span>
              </div> <!-- configuration-method after -->
              <div class="configuration-class after">
                <span class="method-name">CloseBrowser</span>
                <span class="method-start">1702890 ms</span>
              </div> <!-- configuration-class after -->
            </div> <!-- chronological-class -->
            <div class="chronological-class">
              <div class="chronological-class-name">Com.Comcast.Crm.CampaignsTest.CampaignTest</div> <!-- chronological-class-name -->
              <div class="configuration-suite after">
                <span class="method-name">CloseDataBaseConnection</span>
                <span class="method-start">1705209 ms</span>
              </div> <!-- configuration-suite after -->
          </div> <!-- main-panel-content rounded-window-bottom -->
        </div> <!-- panel -->
      </div> <!-- main-panel-root -->
    </div> <!-- wrapper -->
  </body>
<script type="text/javascript" src="testng-reports2.js"></script>
</html>
